warning: 'unused_declaration' should be listed in the 'analyzer_rules' configuration section for more clarity as it is only run by 'swiftlint analyze'.
warning: 'unused_import' should be listed in the 'analyzer_rules' configuration section for more clarity as it is only run by 'swiftlint analyze'.
warning: The "validates_start_with_lowercase" configuration now expects a severity (warning or error). The boolean value 'true' will still enable it as an error. It is now deprecated and will be removed in a future release.
warning: Configuration for 'identifier_name' rule contains the invalid key(s) 'excludes'.
warning: 'unused_import' is listed 2 times in the configuration.
warning: 'unused_declaration' is listed 2 times in the configuration.
warning: Found a configuration for 'line_length' rule, but it is disabled in 'disabled_rules'.
Linting Swift files in current working directory
warning: Found a configuration for 'line_length' rule, but it is disabled in 'disabled_rules'.
warning: Found a configuration for 'line_length' rule, but it is disabled in 'disabled_rules'.
warning: Found a configuration for 'line_length' rule, but it is disabled in 'disabled_rules'.
warning: Found a configuration for 'line_length' rule, but it is disabled in 'disabled_rules'.
warning: 'string_literal_at_end_of_multiline_literal' is not a valid rule identifier
warning: 'string_literal_at_end_of_multiline_literal' is not a valid rule identifier
warning: 'string_literal_at_end_of_multiline_literal' is not a valid rule identifier
warning: 'string_literal_at_end_of_multiline_literal' is not a valid rule identifier
Valid rule identifiers:
accessibility_label_for_image
accessibility_trait_for_button
all
anonymous_argument_in_multiline_closure
array_init
async_without_await
attribute_name_spacing
attributes
balanced_xctest_lifecycle
blanket_disable_command
block_based_kvo
capture_variable
class_delegate_protocol
closing_brace
closure_body_length
closure_end_indentation
closure_parameter_position
closure_spacing
collection_alignment
colon
comma
comma_inheritance
comment_spacing
compiler_protocol_init
computed_accessors_order
conditional_returns_on_newline
contains_over_filter_count
contains_over_filter_is_empty
contains_over_first_not_nil
contains_over_range_nil_comparison
contrasted_opening_brace
control_statement
convenience_type
custom_rules
cyclomatic_complexity
deployment_target
direct_return
discarded_notification_center_observer
discouraged_assert
discouraged_direct_init
discouraged_none_name
discouraged_object_literal
discouraged_optional_boolean
discouraged_optional_collection
duplicate_conditions
duplicate_enum_cases
duplicate_imports
duplicated_key_in_dictionary_literal
dynamic_inline
empty_collection_literal
empty_count
empty_enum_arguments
empty_parameters
empty_parentheses_with_trailing_closure
empty_string
empty_xctest_method
enum_case_associated_values_count
expiring_todo
explicit_acl
explicit_enum_raw_value
explicit_init
explicit_self
explicit_top_level_acl
explicit_type_interface
extension_access_modifier
fallthrough
fatal_error_message
file_header
file_length
file_name
file_name_no_space
file_types_order
final_test_case
first_where
flatmap_over_map_reduce
for_where
force_cast
force_try
force_unwrapping
function_body_length
function_default_parameter_at_end
function_parameter_count
generic_type_name
ibinspectable_in_extension
identical_operands
identifier_name
implicit_getter
implicit_return
implicitly_unwrapped_optional
inclusive_language
indentation_width
invalid_swiftlint_command
is_disjoint
joined_default_parameter
large_tuple
last_where
leading_whitespace
legacy_cggeometry_functions
legacy_constant
legacy_constructor
legacy_hashing
legacy_multiple
legacy_nsgeometry_functions
legacy_objc_type
legacy_random
let_var_whitespace
line_length
literal_expression_end_indentation
local_doc_comment
lower_acl_than_parent
mark
missing_docs
modifier_order
multiline_arguments
multiline_arguments_brackets
multiline_function_chains
multiline_literal_brackets
multiline_parameters
multiline_parameters_brackets
multiple_closures_with_trailing_closure
nesting
nimble_operator
no_empty_block
no_extension_access_modifier
no_fallthrough_only
no_grouping_extension
no_magic_numbers
no_nslog
no_print
no_space_in_method_call
non_optional_string_data_conversion
non_overridable_class_declaration
notification_center_detachment
ns_number_init_as_function_reference
nslocalizedstring_key
nslocalizedstring_require_bundle
nsobject_prefer_isequal
number_separator
object_literal
one_declaration_per_file
opening_brace
operator_usage_whitespace
operator_whitespace
optional_data_string_conversion
optional_enum_case_matching
orphaned_doc_comment
overridden_super_call
override_in_extension
pattern_matching_keywords
period_spacing
prefer_key_path
prefer_nimble
prefer_self_in_static_references
prefer_self_type_over_type_of_self
prefer_type_checking
prefer_zero_over_explicit_init
prefixed_toplevel_constant
private_action
private_outlet
private_over_fileprivate
private_subject
private_swiftui_state
private_unit_test
prohibited_interface_builder
prohibited_super_call
protocol_property_accessors_order
quick_discouraged_call
quick_discouraged_focused_test
quick_discouraged_pending_test
raw_value_for_camel_cased_codable_enum
reduce_boolean
reduce_into
redundant_discardable_let
redundant_nil_coalescing
redundant_objc_attribute
redundant_optional_initialization
redundant_self_in_closure
redundant_sendable
redundant_set_access_control
redundant_string_enum_value
redundant_type_annotation
redundant_void_return
required_deinit
required_enum_case
return_arrow_whitespace
return_value_from_void_function
self_binding
self_in_property_initialization
shorthand_argument
shorthand_operator
shorthand_optional_binding
single_test_class
sorted_enum_cases
sorted_first_last
sorted_imports
statement_position
static_operator
static_over_final_class
strict_fileprivate
strong_iboutlet
superfluous_disable_command
superfluous_else
switch_case_alignment
switch_case_on_newline
syntactic_sugar
test_case_accessibility
todo
toggle_bool
trailing_closure
trailing_comma
trailing_newline
trailing_semicolon
trailing_whitespace
type_body_length
type_contents_order
type_name
typesafe_array_init
unavailable_condition
unavailable_function
unhandled_throwing_task
unneeded_break_in_switch
unneeded_override
unneeded_parentheses_in_closure_argument
unneeded_synthesized_initializer
unowned_variable_capture
untyped_error_in_catch
unused_closure_parameter
unused_control_flow_label
unused_declaration
unused_enumerated
unused_import
unused_optional_binding
unused_parameter
unused_setter_value
valid_ibinspectable
vertical_parameter_alignment
vertical_parameter_alignment_on_call
vertical_whitespace
vertical_whitespace_between_cases
vertical_whitespace_closing_braces
vertical_whitespace_opening_braces
void_function_in_ternary
void_return
weak_delegate
xct_specific_matcher
xctfail_message
yoda_condition
Valid rule identifiers:
accessibility_label_for_image
accessibility_trait_for_button
all
anonymous_argument_in_multiline_closure
array_init
async_without_await
attribute_name_spacing
attributes
balanced_xctest_lifecycle
blanket_disable_command
block_based_kvo
capture_variable
class_delegate_protocol
closing_brace
closure_body_length
closure_end_indentation
closure_parameter_position
closure_spacing
collection_alignment
colon
comma
comma_inheritance
comment_spacing
compiler_protocol_init
computed_accessors_order
conditional_returns_on_newline
contains_over_filter_count
contains_over_filter_is_empty
contains_over_first_not_nil
contains_over_range_nil_comparison
contrasted_opening_brace
control_statement
convenience_type
custom_rules
cyclomatic_complexity
deployment_target
direct_return
discarded_notification_center_observer
discouraged_assert
discouraged_direct_init
discouraged_none_name
discouraged_object_literal
discouraged_optional_boolean
discouraged_optional_collection
duplicate_conditions
duplicate_enum_cases
duplicate_imports
duplicated_key_in_dictionary_literal
dynamic_inline
empty_collection_literal
empty_count
empty_enum_arguments
empty_parameters
empty_parentheses_with_trailing_closure
empty_string
empty_xctest_method
enum_case_associated_values_count
expiring_todo
explicit_acl
explicit_enum_raw_value
explicit_init
explicit_self
explicit_top_level_acl
explicit_type_interface
extension_access_modifier
fallthrough
fatal_error_message
file_header
file_length
file_name
file_name_no_space
file_types_order
final_test_case
first_where
flatmap_over_map_reduce
for_where
force_cast
force_try
force_unwrapping
function_body_length
function_default_parameter_at_end
function_parameter_count
generic_type_name
ibinspectable_in_extension
identical_operands
identifier_name
implicit_getter
implicit_return
implicitly_unwrapped_optional
inclusive_language
indentation_width
invalid_swiftlint_command
is_disjoint
joined_default_parameter
large_tuple
last_where
leading_whitespace
legacy_cggeometry_functions
legacy_constant
legacy_constructor
legacy_hashing
legacy_multiple
legacy_nsgeometry_functions
legacy_objc_type
legacy_random
let_var_whitespace
line_length
literal_expression_end_indentation
local_doc_comment
lower_acl_than_parent
mark
missing_docs
modifier_order
multiline_arguments
multiline_arguments_brackets
multiline_function_chains
multiline_literal_brackets
multiline_parameters
multiline_parameters_brackets
multiple_closures_with_trailing_closure
nesting
nimble_operator
no_empty_block
no_extension_access_modifier
no_fallthrough_only
no_grouping_extension
no_magic_numbers
no_nslog
no_print
no_space_in_method_call
non_optional_string_data_conversion
non_overridable_class_declaration
notification_center_detachment
ns_number_init_as_function_reference
nslocalizedstring_key
nslocalizedstring_require_bundle
nsobject_prefer_isequal
number_separator
object_literal
one_declaration_per_file
opening_brace
operator_usage_whitespace
operator_whitespace
optional_data_string_conversion
optional_enum_case_matching
orphaned_doc_comment
overridden_super_call
override_in_extension
pattern_matching_keywords
period_spacing
prefer_key_path
prefer_nimble
prefer_self_in_static_references
prefer_self_type_over_type_of_self
prefer_type_checking
prefer_zero_over_explicit_init
prefixed_toplevel_constant
private_action
private_outlet
private_over_fileprivate
private_subject
private_swiftui_state
private_unit_test
prohibited_interface_builder
prohibited_super_call
protocol_property_accessors_order
quick_discouraged_call
quick_discouraged_focused_test
quick_discouraged_pending_test
raw_value_for_camel_cased_codable_enum
reduce_boolean
reduce_into
redundant_discardable_let
redundant_nil_coalescing
redundant_objc_attribute
redundant_optional_initialization
redundant_self_in_closure
redundant_sendable
redundant_set_access_control
redundant_string_enum_value
redundant_type_annotation
redundant_void_return
required_deinit
required_enum_case
return_arrow_whitespace
return_value_from_void_function
self_binding
self_in_property_initialization
shorthand_argument
shorthand_operator
shorthand_optional_binding
single_test_class
sorted_enum_cases
sorted_first_last
sorted_imports
statement_position
static_operator
static_over_final_class
strict_fileprivate
strong_iboutlet
superfluous_disable_command
superfluous_else
switch_case_alignment
switch_case_on_newline
syntactic_sugar
test_case_accessibility
todo
toggle_bool
trailing_closure
trailing_comma
trailing_newline
trailing_semicolon
trailing_whitespace
type_body_length
type_contents_order
type_name
typesafe_array_init
unavailable_condition
unavailable_function
unhandled_throwing_task
unneeded_break_in_switch
unneeded_override
unneeded_parentheses_in_closure_argument
unneeded_synthesized_initializer
unowned_variable_capture
untyped_error_in_catch
unused_closure_parameter
unused_control_flow_label
unused_declaration
unused_enumerated
unused_import
unused_optional_binding
unused_parameter
unused_setter_value
valid_ibinspectable
vertical_parameter_alignment
vertical_parameter_alignment_on_call
vertical_whitespace
vertical_whitespace_between_cases
vertical_whitespace_closing_braces
vertical_whitespace_opening_braces
void_function_in_ternary
void_return
weak_delegate
xct_specific_matcher
xctfail_message
yoda_condition
Valid rule identifiers:
accessibility_label_for_image
accessibility_trait_for_button
all
anonymous_argument_in_multiline_closure
array_init
async_without_await
attribute_name_spacing
attributes
balanced_xctest_lifecycle
blanket_disable_command
block_based_kvo
capture_variable
class_delegate_protocol
closing_brace
closure_body_length
closure_end_indentation
closure_parameter_position
closure_spacing
collection_alignment
colon
comma
comma_inheritance
comment_spacing
compiler_protocol_init
computed_accessors_order
conditional_returns_on_newline
contains_over_filter_count
contains_over_filter_is_empty
contains_over_first_not_nil
contains_over_range_nil_comparison
contrasted_opening_brace
control_statement
convenience_type
custom_rules
cyclomatic_complexity
deployment_target
direct_return
discarded_notification_center_observer
discouraged_assert
discouraged_direct_init
discouraged_none_name
discouraged_object_literal
discouraged_optional_boolean
discouraged_optional_collection
duplicate_conditions
duplicate_enum_cases
duplicate_imports
duplicated_key_in_dictionary_literal
dynamic_inline
empty_collection_literal
empty_count
empty_enum_arguments
empty_parameters
empty_parentheses_with_trailing_closure
empty_string
empty_xctest_method
enum_case_associated_values_count
expiring_todo
explicit_acl
explicit_enum_raw_value
explicit_init
explicit_self
explicit_top_level_acl
explicit_type_interface
extension_access_modifier
fallthrough
fatal_error_message
file_header
file_length
file_name
file_name_no_space
file_types_order
final_test_case
first_where
flatmap_over_map_reduce
for_where
force_cast
force_try
force_unwrapping
function_body_length
function_default_parameter_at_end
function_parameter_count
generic_type_name
ibinspectable_in_extension
identical_operands
identifier_name
implicit_getter
implicit_return
implicitly_unwrapped_optional
inclusive_language
indentation_width
invalid_swiftlint_command
is_disjoint
joined_default_parameter
large_tuple
last_where
leading_whitespace
legacy_cggeometry_functions
legacy_constant
legacy_constructor
legacy_hashing
legacy_multiple
legacy_nsgeometry_functions
legacy_objc_type
legacy_random
let_var_whitespace
line_length
literal_expression_end_indentation
local_doc_comment
lower_acl_than_parent
mark
missing_docs
modifier_order
multiline_arguments
multiline_arguments_brackets
multiline_function_chains
multiline_literal_brackets
multiline_parameters
multiline_parameters_brackets
multiple_closures_with_trailing_closure
nesting
nimble_operator
no_empty_block
no_extension_access_modifier
no_fallthrough_only
no_grouping_extension
no_magic_numbers
no_nslog
no_print
no_space_in_method_call
non_optional_string_data_conversion
non_overridable_class_declaration
notification_center_detachment
ns_number_init_as_function_reference
nslocalizedstring_key
nslocalizedstring_require_bundle
nsobject_prefer_isequal
number_separator
object_literal
one_declaration_per_file
opening_brace
operator_usage_whitespace
operator_whitespace
optional_data_string_conversion
optional_enum_case_matching
orphaned_doc_comment
overridden_super_call
override_in_extension
pattern_matching_keywords
period_spacing
prefer_key_path
prefer_nimble
prefer_self_in_static_references
prefer_self_type_over_type_of_self
prefer_type_checking
prefer_zero_over_explicit_init
prefixed_toplevel_constant
private_action
private_outlet
private_over_fileprivate
private_subject
private_swiftui_state
private_unit_test
prohibited_interface_builder
prohibited_super_call
protocol_property_accessors_order
quick_discouraged_call
quick_discouraged_focused_test
quick_discouraged_pending_test
raw_value_for_camel_cased_codable_enum
reduce_boolean
reduce_into
redundant_discardable_let
redundant_nil_coalescing
redundant_objc_attribute
redundant_optional_initialization
redundant_self_in_closure
redundant_sendable
redundant_set_access_control
redundant_string_enum_value
redundant_type_annotation
redundant_void_return
required_deinit
required_enum_case
return_arrow_whitespace
return_value_from_void_function
self_binding
self_in_property_initialization
shorthand_argument
shorthand_operator
shorthand_optional_binding
single_test_class
sorted_enum_cases
sorted_first_last
sorted_imports
statement_position
static_operator
static_over_final_class
strict_fileprivate
strong_iboutlet
superfluous_disable_command
superfluous_else
switch_case_alignment
switch_case_on_newline
syntactic_sugar
test_case_accessibility
todo
toggle_bool
trailing_closure
trailing_comma
trailing_newline
trailing_semicolon
trailing_whitespace
type_body_length
type_contents_order
type_name
typesafe_array_init
unavailable_condition
unavailable_function
unhandled_throwing_task
unneeded_break_in_switch
unneeded_override
unneeded_parentheses_in_closure_argument
unneeded_synthesized_initializer
unowned_variable_capture
untyped_error_in_catch
unused_closure_parameter
unused_control_flow_label
unused_declaration
unused_enumerated
unused_import
unused_optional_binding
unused_parameter
unused_setter_value
valid_ibinspectable
vertical_parameter_alignment
vertical_parameter_alignment_on_call
vertical_whitespace
vertical_whitespace_between_cases
vertical_whitespace_closing_braces
vertical_whitespace_opening_braces
void_function_in_ternary
void_return
weak_delegate
xct_specific_matcher
xctfail_message
yoda_condition
Valid rule identifiers:
accessibility_label_for_image
accessibility_trait_for_button
all
anonymous_argument_in_multiline_closure
array_init
async_without_await
attribute_name_spacing
attributes
balanced_xctest_lifecycle
blanket_disable_command
block_based_kvo
capture_variable
class_delegate_protocol
closing_brace
closure_body_length
closure_end_indentation
closure_parameter_position
closure_spacing
collection_alignment
colon
comma
comma_inheritance
comment_spacing
compiler_protocol_init
computed_accessors_order
conditional_returns_on_newline
contains_over_filter_count
contains_over_filter_is_empty
contains_over_first_not_nil
contains_over_range_nil_comparison
contrasted_opening_brace
control_statement
convenience_type
custom_rules
cyclomatic_complexity
deployment_target
direct_return
discarded_notification_center_observer
discouraged_assert
discouraged_direct_init
discouraged_none_name
discouraged_object_literal
discouraged_optional_boolean
discouraged_optional_collection
duplicate_conditions
duplicate_enum_cases
duplicate_imports
duplicated_key_in_dictionary_literal
dynamic_inline
empty_collection_literal
empty_count
empty_enum_arguments
empty_parameters
empty_parentheses_with_trailing_closure
empty_string
empty_xctest_method
enum_case_associated_values_count
expiring_todo
explicit_acl
explicit_enum_raw_value
explicit_init
explicit_self
explicit_top_level_acl
explicit_type_interface
extension_access_modifier
fallthrough
fatal_error_message
file_header
file_length
file_name
file_name_no_space
file_types_order
final_test_case
first_where
flatmap_over_map_reduce
for_where
force_cast
force_try
force_unwrapping
function_body_length
function_default_parameter_at_end
function_parameter_count
generic_type_name
ibinspectable_in_extension
identical_operands
identifier_name
implicit_getter
implicit_return
implicitly_unwrapped_optional
inclusive_language
indentation_width
invalid_swiftlint_command
is_disjoint
joined_default_parameter
large_tuple
last_where
leading_whitespace
legacy_cggeometry_functions
legacy_constant
legacy_constructor
legacy_hashing
legacy_multiple
legacy_nsgeometry_functions
legacy_objc_type
legacy_random
let_var_whitespace
line_length
literal_expression_end_indentation
local_doc_comment
lower_acl_than_parent
mark
missing_docs
modifier_order
multiline_arguments
multiline_arguments_brackets
multiline_function_chains
multiline_literal_brackets
multiline_parameters
multiline_parameters_brackets
multiple_closures_with_trailing_closure
nesting
nimble_operator
no_empty_block
no_extension_access_modifier
no_fallthrough_only
no_grouping_extension
no_magic_numbers
no_nslog
no_print
no_space_in_method_call
non_optional_string_data_conversion
non_overridable_class_declaration
notification_center_detachment
ns_number_init_as_function_reference
nslocalizedstring_key
nslocalizedstring_require_bundle
nsobject_prefer_isequal
number_separator
object_literal
one_declaration_per_file
opening_brace
operator_usage_whitespace
operator_whitespace
optional_data_string_conversion
optional_enum_case_matching
orphaned_doc_comment
overridden_super_call
override_in_extension
pattern_matching_keywords
period_spacing
prefer_key_path
prefer_nimble
prefer_self_in_static_references
prefer_self_type_over_type_of_self
prefer_type_checking
prefer_zero_over_explicit_init
prefixed_toplevel_constant
private_action
private_outlet
private_over_fileprivate
private_subject
private_swiftui_state
private_unit_test
prohibited_interface_builder
prohibited_super_call
protocol_property_accessors_order
quick_discouraged_call
quick_discouraged_focused_test
quick_discouraged_pending_test
raw_value_for_camel_cased_codable_enum
reduce_boolean
reduce_into
redundant_discardable_let
redundant_nil_coalescing
redundant_objc_attribute
redundant_optional_initialization
redundant_self_in_closure
redundant_sendable
redundant_set_access_control
redundant_string_enum_value
redundant_type_annotation
redundant_void_return
required_deinit
required_enum_case
return_arrow_whitespace
return_value_from_void_function
self_binding
self_in_property_initialization
shorthand_argument
shorthand_operator
shorthand_optional_binding
single_test_class
sorted_enum_cases
sorted_first_last
sorted_imports
statement_position
static_operator
static_over_final_class
strict_fileprivate
strong_iboutlet
superfluous_disable_command
superfluous_else
switch_case_alignment
switch_case_on_newline
syntactic_sugar
test_case_accessibility
todo
toggle_bool
trailing_closure
trailing_comma
trailing_newline
trailing_semicolon
trailing_whitespace
type_body_length
type_contents_order
type_name
typesafe_array_init
unavailable_condition
unavailable_function
unhandled_throwing_task
unneeded_break_in_switch
unneeded_override
unneeded_parentheses_in_closure_argument
unneeded_synthesized_initializer
unowned_variable_capture
untyped_error_in_catch
unused_closure_parameter
unused_control_flow_label
unused_declaration
unused_enumerated
unused_import
unused_optional_binding
unused_parameter
unused_setter_value
valid_ibinspectable
vertical_parameter_alignment
vertical_parameter_alignment_on_call
vertical_whitespace
vertical_whitespace_between_cases
vertical_whitespace_closing_braces
vertical_whitespace_opening_braces
void_function_in_ternary
void_return
weak_delegate
xct_specific_matcher
xctfail_message
yoda_condition
Valid rule identifiers:
accessibility_label_for_image
accessibility_trait_for_button
all
anonymous_argument_in_multiline_closure
array_init
async_without_await
attribute_name_spacing
attributes
balanced_xctest_lifecycle
blanket_disable_command
block_based_kvo
capture_variable
class_delegate_protocol
closing_brace
closure_body_length
closure_end_indentation
closure_parameter_position
closure_spacing
collection_alignment
colon
comma
comma_inheritance
comment_spacing
compiler_protocol_init
computed_accessors_order
conditional_returns_on_newline
contains_over_filter_count
contains_over_filter_is_empty
contains_over_first_not_nil
contains_over_range_nil_comparison
contrasted_opening_brace
control_statement
convenience_type
custom_rules
cyclomatic_complexity
deployment_target
direct_return
discarded_notification_center_observer
discouraged_assert
discouraged_direct_init
discouraged_none_name
discouraged_object_literal
discouraged_optional_boolean
discouraged_optional_collection
duplicate_conditions
duplicate_enum_cases
duplicate_imports
duplicated_key_in_dictionary_literal
dynamic_inline
empty_collection_literal
empty_count
empty_enum_arguments
empty_parameters
empty_parentheses_with_trailing_closure
empty_string
empty_xctest_method
enum_case_associated_values_count
expiring_todo
explicit_acl
explicit_enum_raw_value
explicit_init
explicit_self
explicit_top_level_acl
explicit_type_interface
extension_access_modifier
fallthrough
fatal_error_message
file_header
file_length
file_name
file_name_no_space
file_types_order
final_test_case
first_where
flatmap_over_map_reduce
for_where
force_cast
force_try
force_unwrapping
function_body_length
function_default_parameter_at_end
function_parameter_count
generic_type_name
ibinspectable_in_extension
identical_operands
identifier_name
implicit_getter
implicit_return
implicitly_unwrapped_optional
inclusive_language
indentation_width
invalid_swiftlint_command
is_disjoint
joined_default_parameter
large_tuple
last_where
leading_whitespace
legacy_cggeometry_functions
legacy_constant
legacy_constructor
legacy_hashing
legacy_multiple
legacy_nsgeometry_functions
legacy_objc_type
legacy_random
let_var_whitespace
line_length
literal_expression_end_indentation
local_doc_comment
lower_acl_than_parent
mark
missing_docs
modifier_order
multiline_arguments
multiline_arguments_brackets
multiline_function_chains
multiline_literal_brackets
multiline_parameters
multiline_parameters_brackets
multiple_closures_with_trailing_closure
nesting
nimble_operator
no_empty_block
no_extension_access_modifier
no_fallthrough_only
no_grouping_extension
no_magic_numbers
no_nslog
no_print
no_space_in_method_call
non_optional_string_data_conversion
non_overridable_class_declaration
notification_center_detachment
ns_number_init_as_function_reference
nslocalizedstring_key
nslocalizedstring_require_bundle
nsobject_prefer_isequal
number_separator
object_literal
one_declaration_per_file
opening_brace
operator_usage_whitespace
operator_whitespace
optional_data_string_conversion
optional_enum_case_matching
orphaned_doc_comment
overridden_super_call
override_in_extension
pattern_matching_keywords
period_spacing
prefer_key_path
prefer_nimble
prefer_self_in_static_references
prefer_self_type_over_type_of_self
prefer_type_checking
prefer_zero_over_explicit_init
prefixed_toplevel_constant
private_action
private_outlet
private_over_fileprivate
private_subject
private_swiftui_state
private_unit_test
prohibited_interface_builder
prohibited_super_call
protocol_property_accessors_order
quick_discouraged_call
quick_discouraged_focused_test
quick_discouraged_pending_test
raw_value_for_camel_cased_codable_enum
reduce_boolean
reduce_into
redundant_discardable_let
redundant_nil_coalescing
redundant_objc_attribute
redundant_optional_initialization
redundant_self_in_closure
redundant_sendable
redundant_set_access_control
redundant_string_enum_value
redundant_type_annotation
redundant_void_return
required_deinit
required_enum_case
return_arrow_whitespace
return_value_from_void_function
self_binding
self_in_property_initialization
shorthand_argument
shorthand_operator
shorthand_optional_binding
single_test_class
sorted_enum_cases
sorted_first_last
sorted_imports
statement_position
static_operator
static_over_final_class
strict_fileprivate
strong_iboutlet
superfluous_disable_command
superfluous_else
switch_case_alignment
switch_case_on_newline
syntactic_sugar
test_case_accessibility
todo
toggle_bool
trailing_closure
trailing_comma
trailing_newline
trailing_semicolon
trailing_whitespace
type_body_length
type_contents_order
type_name
typesafe_array_init
unavailable_condition
unavailable_function
unhandled_throwing_task
unneeded_break_in_switch
unneeded_override
unneeded_parentheses_in_closure_argument
unneeded_synthesized_initializer
unowned_variable_capture
untyped_error_in_catch
unused_closure_parameter
unused_control_flow_label
unused_declaration
unused_enumerated
unused_import
unused_optional_binding
unused_parameter
unused_setter_value
valid_ibinspectable
vertical_parameter_alignment
vertical_parameter_alignment_on_call
vertical_whitespace
vertical_whitespace_between_cases
vertical_whitespace_closing_braces
vertical_whitespace_opening_braces
void_function_in_ternary
void_return
weak_delegate
xct_specific_matcher
xctfail_message
yoda_condition
Valid rule identifiers:
accessibility_label_for_image
accessibility_trait_for_button
all
anonymous_argument_in_multiline_closure
array_init
async_without_await
attribute_name_spacing
attributes
balanced_xctest_lifecycle
blanket_disable_command
block_based_kvo
capture_variable
class_delegate_protocol
closing_brace
closure_body_length
closure_end_indentation
closure_parameter_position
closure_spacing
collection_alignment
colon
comma
comma_inheritance
comment_spacing
compiler_protocol_init
computed_accessors_order
conditional_returns_on_newline
contains_over_filter_count
contains_over_filter_is_empty
contains_over_first_not_nil
contains_over_range_nil_comparison
contrasted_opening_brace
control_statement
convenience_type
custom_rules
cyclomatic_complexity
deployment_target
direct_return
discarded_notification_center_observer
discouraged_assert
discouraged_direct_init
discouraged_none_name
discouraged_object_literal
discouraged_optional_boolean
discouraged_optional_collection
duplicate_conditions
duplicate_enum_cases
duplicate_imports
duplicated_key_in_dictionary_literal
dynamic_inline
empty_collection_literal
empty_count
empty_enum_arguments
empty_parameters
empty_parentheses_with_trailing_closure
empty_string
empty_xctest_method
enum_case_associated_values_count
expiring_todo
explicit_acl
explicit_enum_raw_value
explicit_init
explicit_self
explicit_top_level_acl
explicit_type_interface
extension_access_modifier
fallthrough
fatal_error_message
file_header
file_length
file_name
file_name_no_space
file_types_order
final_test_case
first_where
flatmap_over_map_reduce
for_where
force_cast
force_try
force_unwrapping
function_body_length
function_default_parameter_at_end
function_parameter_count
generic_type_name
ibinspectable_in_extension
identical_operands
identifier_name
implicit_getter
implicit_return
implicitly_unwrapped_optional
inclusive_language
indentation_width
invalid_swiftlint_command
is_disjoint
joined_default_parameter
large_tuple
last_where
leading_whitespace
legacy_cggeometry_functions
legacy_constant
legacy_constructor
legacy_hashing
legacy_multiple
legacy_nsgeometry_functions
legacy_objc_type
legacy_random
let_var_whitespace
line_length
literal_expression_end_indentation
local_doc_comment
lower_acl_than_parent
mark
missing_docs
modifier_order
multiline_arguments
multiline_arguments_brackets
multiline_function_chains
multiline_literal_brackets
multiline_parameters
multiline_parameters_brackets
multiple_closures_with_trailing_closure
nesting
nimble_operator
no_empty_block
no_extension_access_modifier
no_fallthrough_only
no_grouping_extension
no_magic_numbers
no_nslog
no_print
no_space_in_method_call
non_optional_string_data_conversion
non_overridable_class_declaration
notification_center_detachment
ns_number_init_as_function_reference
nslocalizedstring_key
nslocalizedstring_require_bundle
nsobject_prefer_isequal
number_separator
object_literal
one_declaration_per_file
opening_brace
operator_usage_whitespace
operator_whitespace
optional_data_string_conversion
optional_enum_case_matching
orphaned_doc_comment
overridden_super_call
override_in_extension
pattern_matching_keywords
period_spacing
prefer_key_path
prefer_nimble
prefer_self_in_static_references
prefer_self_type_over_type_of_self
prefer_type_checking
prefer_zero_over_explicit_init
prefixed_toplevel_constant
private_action
private_outlet
private_over_fileprivate
private_subject
private_swiftui_state
private_unit_test
prohibited_interface_builder
prohibited_super_call
protocol_property_accessors_order
quick_discouraged_call
quick_discouraged_focused_test
quick_discouraged_pending_test
raw_value_for_camel_cased_codable_enum
reduce_boolean
reduce_into
redundant_discardable_let
redundant_nil_coalescing
redundant_objc_attribute
redundant_optional_initialization
redundant_self_in_closure
redundant_sendable
redundant_set_access_control
redundant_string_enum_value
redundant_type_annotation
redundant_void_return
required_deinit
required_enum_case
return_arrow_whitespace
return_value_from_void_function
self_binding
self_in_property_initialization
shorthand_argument
shorthand_operator
shorthand_optional_binding
single_test_class
sorted_enum_cases
sorted_first_last
sorted_imports
statement_position
static_operator
static_over_final_class
strict_fileprivate
strong_iboutlet
superfluous_disable_command
superfluous_else
switch_case_alignment
switch_case_on_newline
syntactic_sugar
test_case_accessibility
todo
toggle_bool
trailing_closure
trailing_comma
trailing_newline
trailing_semicolon
trailing_whitespace
type_body_length
type_contents_order
type_name
typesafe_array_init
unavailable_condition
unavailable_function
unhandled_throwing_task
unneeded_break_in_switch
unneeded_override
unneeded_parentheses_in_closure_argument
unneeded_synthesized_initializer
unowned_variable_capture
untyped_error_in_catch
unused_closure_parameter
unused_control_flow_label
unused_declaration
unused_enumerated
unused_import
unused_optional_binding
unused_parameter
unused_setter_value
valid_ibinspectable
vertical_parameter_alignment
vertical_parameter_alignment_on_call
vertical_whitespace
vertical_whitespace_between_cases
vertical_whitespace_closing_braces
vertical_whitespace_opening_braces
void_function_in_ternary
void_return
weak_delegate
xct_specific_matcher
xctfail_message
yoda_condition
Valid rule identifiers:
accessibility_label_for_image
accessibility_trait_for_button
all
anonymous_argument_in_multiline_closure
array_init
async_without_await
attribute_name_spacing
attributes
balanced_xctest_lifecycle
blanket_disable_command
block_based_kvo
capture_variable
class_delegate_protocol
closing_brace
closure_body_length
closure_end_indentation
closure_parameter_position
closure_spacing
collection_alignment
colon
comma
comma_inheritance
comment_spacing
compiler_protocol_init
computed_accessors_order
conditional_returns_on_newline
contains_over_filter_count
contains_over_filter_is_empty
contains_over_first_not_nil
contains_over_range_nil_comparison
contrasted_opening_brace
control_statement
convenience_type
custom_rules
cyclomatic_complexity
deployment_target
direct_return
discarded_notification_center_observer
discouraged_assert
discouraged_direct_init
discouraged_none_name
discouraged_object_literal
discouraged_optional_boolean
discouraged_optional_collection
duplicate_conditions
duplicate_enum_cases
duplicate_imports
duplicated_key_in_dictionary_literal
dynamic_inline
empty_collection_literal
empty_count
empty_enum_arguments
empty_parameters
empty_parentheses_with_trailing_closure
empty_string
empty_xctest_method
enum_case_associated_values_count
expiring_todo
explicit_acl
explicit_enum_raw_value
explicit_init
explicit_self
explicit_top_level_acl
explicit_type_interface
extension_access_modifier
fallthrough
fatal_error_message
file_header
file_length
file_name
file_name_no_space
file_types_order
final_test_case
first_where
flatmap_over_map_reduce
for_where
force_cast
force_try
force_unwrapping
function_body_length
function_default_parameter_at_end
function_parameter_count
generic_type_name
ibinspectable_in_extension
identical_operands
identifier_name
implicit_getter
implicit_return
implicitly_unwrapped_optional
inclusive_language
indentation_width
invalid_swiftlint_command
is_disjoint
joined_default_parameter
large_tuple
last_where
leading_whitespace
legacy_cggeometry_functions
legacy_constant
legacy_constructor
legacy_hashing
legacy_multiple
legacy_nsgeometry_functions
legacy_objc_type
legacy_random
let_var_whitespace
line_length
literal_expression_end_indentation
local_doc_comment
lower_acl_than_parent
mark
missing_docs
modifier_order
multiline_arguments
multiline_arguments_brackets
multiline_function_chains
multiline_literal_brackets
multiline_parameters
multiline_parameters_brackets
multiple_closures_with_trailing_closure
nesting
nimble_operator
no_empty_block
no_extension_access_modifier
no_fallthrough_only
no_grouping_extension
no_magic_numbers
no_nslog
no_print
no_space_in_method_call
non_optional_string_data_conversion
non_overridable_class_declaration
notification_center_detachment
ns_number_init_as_function_reference
nslocalizedstring_key
nslocalizedstring_require_bundle
nsobject_prefer_isequal
number_separator
object_literal
one_declaration_per_file
opening_brace
operator_usage_whitespace
operator_whitespace
optional_data_string_conversion
optional_enum_case_matching
orphaned_doc_comment
overridden_super_call
override_in_extension
pattern_matching_keywords
period_spacing
prefer_key_path
prefer_nimble
prefer_self_in_static_references
prefer_self_type_over_type_of_self
prefer_type_checking
prefer_zero_over_explicit_init
prefixed_toplevel_constant
private_action
private_outlet
private_over_fileprivate
private_subject
private_swiftui_state
private_unit_test
prohibited_interface_builder
prohibited_super_call
protocol_property_accessors_order
quick_discouraged_call
quick_discouraged_focused_test
quick_discouraged_pending_test
raw_value_for_camel_cased_codable_enum
reduce_boolean
reduce_into
redundant_discardable_let
redundant_nil_coalescing
redundant_objc_attribute
redundant_optional_initialization
redundant_self_in_closure
redundant_sendable
redundant_set_access_control
redundant_string_enum_value
redundant_type_annotation
redundant_void_return
required_deinit
required_enum_case
return_arrow_whitespace
return_value_from_void_function
self_binding
self_in_property_initialization
shorthand_argument
shorthand_operator
shorthand_optional_binding
single_test_class
sorted_enum_cases
sorted_first_last
sorted_imports
statement_position
static_operator
static_over_final_class
strict_fileprivate
strong_iboutlet
superfluous_disable_command
superfluous_else
switch_case_alignment
switch_case_on_newline
syntactic_sugar
test_case_accessibility
todo
toggle_bool
trailing_closure
trailing_comma
trailing_newline
trailing_semicolon
trailing_whitespace
type_body_length
type_contents_order
type_name
typesafe_array_init
unavailable_condition
unavailable_function
unhandled_throwing_task
unneeded_break_in_switch
unneeded_override
unneeded_parentheses_in_closure_argument
unneeded_synthesized_initializer
unowned_variable_capture
untyped_error_in_catch
unused_closure_parameter
unused_control_flow_label
unused_declaration
unused_enumerated
unused_import
unused_optional_binding
unused_parameter
unused_setter_value
valid_ibinspectable
vertical_parameter_alignment
vertical_parameter_alignment_on_call
vertical_whitespace
vertical_whitespace_between_cases
vertical_whitespace_closing_braces
vertical_whitespace_opening_braces
void_function_in_ternary
void_return
weak_delegate
xct_specific_matcher
xctfail_message
yoda_condition
Valid rule identifiers:
accessibility_label_for_image
accessibility_trait_for_button
all
anonymous_argument_in_multiline_closure
array_init
async_without_await
attribute_name_spacing
attributes
balanced_xctest_lifecycle
blanket_disable_command
block_based_kvo
capture_variable
class_delegate_protocol
closing_brace
closure_body_length
closure_end_indentation
closure_parameter_position
closure_spacing
collection_alignment
colon
comma
comma_inheritance
comment_spacing
compiler_protocol_init
computed_accessors_order
conditional_returns_on_newline
contains_over_filter_count
contains_over_filter_is_empty
contains_over_first_not_nil
contains_over_range_nil_comparison
contrasted_opening_brace
control_statement
convenience_type
custom_rules
cyclomatic_complexity
deployment_target
direct_return
discarded_notification_center_observer
discouraged_assert
discouraged_direct_init
discouraged_none_name
discouraged_object_literal
discouraged_optional_boolean
discouraged_optional_collection
duplicate_conditions
duplicate_enum_cases
duplicate_imports
duplicated_key_in_dictionary_literal
dynamic_inline
empty_collection_literal
empty_count
empty_enum_arguments
empty_parameters
empty_parentheses_with_trailing_closure
empty_string
empty_xctest_method
enum_case_associated_values_count
expiring_todo
explicit_acl
explicit_enum_raw_value
explicit_init
explicit_self
explicit_top_level_acl
explicit_type_interface
extension_access_modifier
fallthrough
fatal_error_message
file_header
file_length
file_name
file_name_no_space
file_types_order
final_test_case
first_where
flatmap_over_map_reduce
for_where
force_cast
force_try
force_unwrapping
function_body_length
function_default_parameter_at_end
function_parameter_count
generic_type_name
ibinspectable_in_extension
identical_operands
identifier_name
implicit_getter
implicit_return
implicitly_unwrapped_optional
inclusive_language
indentation_width
invalid_swiftlint_command
is_disjoint
joined_default_parameter
large_tuple
last_where
leading_whitespace
legacy_cggeometry_functions
legacy_constant
legacy_constructor
legacy_hashing
legacy_multiple
legacy_nsgeometry_functions
legacy_objc_type
legacy_random
let_var_whitespace
line_length
literal_expression_end_indentation
local_doc_comment
lower_acl_than_parent
mark
missing_docs
modifier_order
multiline_arguments
multiline_arguments_brackets
multiline_function_chains
multiline_literal_brackets
multiline_parameters
multiline_parameters_brackets
multiple_closures_with_trailing_closure
nesting
nimble_operator
no_empty_block
no_extension_access_modifier
no_fallthrough_only
no_grouping_extension
no_magic_numbers
no_nslog
no_print
no_space_in_method_call
non_optional_string_data_conversion
non_overridable_class_declaration
notification_center_detachment
ns_number_init_as_function_reference
nslocalizedstring_key
nslocalizedstring_require_bundle
nsobject_prefer_isequal
number_separator
object_literal
one_declaration_per_file
opening_brace
operator_usage_whitespace
operator_whitespace
optional_data_string_conversion
optional_enum_case_matching
orphaned_doc_comment
overridden_super_call
override_in_extension
pattern_matching_keywords
period_spacing
prefer_key_path
prefer_nimble
prefer_self_in_static_references
prefer_self_type_over_type_of_self
prefer_type_checking
prefer_zero_over_explicit_init
prefixed_toplevel_constant
private_action
private_outlet
private_over_fileprivate
private_subject
private_swiftui_state
private_unit_test
prohibited_interface_builder
prohibited_super_call
protocol_property_accessors_order
quick_discouraged_call
quick_discouraged_focused_test
quick_discouraged_pending_test
raw_value_for_camel_cased_codable_enum
reduce_boolean
reduce_into
redundant_discardable_let
redundant_nil_coalescing
redundant_objc_attribute
redundant_optional_initialization
redundant_self_in_closure
redundant_sendable
redundant_set_access_control
redundant_string_enum_value
redundant_type_annotation
redundant_void_return
required_deinit
required_enum_case
return_arrow_whitespace
return_value_from_void_function
self_binding
self_in_property_initialization
shorthand_argument
shorthand_operator
shorthand_optional_binding
single_test_class
sorted_enum_cases
sorted_first_last
sorted_imports
statement_position
static_operator
static_over_final_class
strict_fileprivate
strong_iboutlet
superfluous_disable_command
superfluous_else
switch_case_alignment
switch_case_on_newline
syntactic_sugar
test_case_accessibility
todo
toggle_bool
trailing_closure
trailing_comma
trailing_newline
trailing_semicolon
trailing_whitespace
type_body_length
type_contents_order
type_name
typesafe_array_init
unavailable_condition
unavailable_function
unhandled_throwing_task
unneeded_break_in_switch
unneeded_override
unneeded_parentheses_in_closure_argument
unneeded_synthesized_initializer
unowned_variable_capture
untyped_error_in_catch
unused_closure_parameter
unused_control_flow_label
unused_declaration
unused_enumerated
unused_import
unused_optional_binding
unused_parameter
unused_setter_value
valid_ibinspectable
vertical_parameter_alignment
vertical_parameter_alignment_on_call
vertical_whitespace
vertical_whitespace_between_cases
vertical_whitespace_closing_braces
vertical_whitespace_opening_braces
void_function_in_ternary
void_return
weak_delegate
xct_specific_matcher
xctfail_message
yoda_condition
Linting 'APIConstants.swift' (1/45)
Linting 'AppConstants.swift' (2/45)
Linting 'GlobalEnums.swift' (3/45)
Linting 'AppError.swift' (4/45)
Linting 'Color+Extensions.swift' (5/45)
Linting 'String+Extensions.swift' (6/45)
Linting 'View+Extensions.swift' (7/45)
Linting 'Date+Extensions.swift' (8/45)
Linting 'Double+Extensions.swift' (9/45)
Linting 'DependencyContainer.swift' (10/45)
Linting 'HapticManager.swift' (11/45)
Linting 'KeychainWrapper.swift' (12/45)
Linting 'AppLogger.swift' (13/45)
Linting 'Formatters.swift' (14/45)
Linting 'Validators.swift' (15/45)
Linting 'AppShadows.swift' (16/45)
/Users/Brian/Coding Projects/AirFit/AirFit/Core/Utilities/DependencyContainer.swift:5:14: error: File Types Order Violation: A 'main_type' should not be placed amongst the file type(s) 'supporting_type' (file_types_order)
Linting 'AppSpacing.swift' (17/45)
/Users/Brian/Coding Projects/AirFit/AirFit/Core/Extensions/Date+Extensions.swift:4:5: error: Type Contents Order Violation: An 'other_method' should not be placed amongst the type content(s) 'instance_property' (type_contents_order)
Linting 'AppColors.swift' (18/45)
/Users/Brian/Coding Projects/AirFit/AirFit/Core/Extensions/View+Extensions.swift:3:1: error: File Types Order Violation: An 'extension' should not be placed amongst the file type(s) 'supporting_type' (file_types_order)
/Users/Brian/Coding Projects/AirFit/AirFit/Core/Extensions/View+Extensions.swift:34:1: error: File Types Order Violation: A 'main_type' should not be placed amongst the file type(s) 'supporting_type' (file_types_order)
/Users/Brian/Coding Projects/AirFit/AirFit/Core/Enums/GlobalEnums.swift:1:1: error: File Name Violation: File name should match a type or extension declared in the file (if any) (file_name)
/Users/Brian/Coding Projects/AirFit/AirFit/Core/Enums/GlobalEnums.swift:17:8: error: File Types Order Violation: A 'main_type' should not be placed amongst the file type(s) 'supporting_type' (file_types_order)
Linting 'AppFonts.swift' (19/45)
/Users/Brian/Coding Projects/AirFit/AirFit/Core/Utilities/KeychainWrapper.swift:4:14: error: File Types Order Violation: A 'main_type' should not be placed amongst the file type(s) 'supporting_type' (file_types_order)
/Users/Brian/Coding Projects/AirFit/AirFit/Core/Utilities/KeychainWrapper.swift:46:1: error: Indentation Width Violation: Code should be indented using one tab or 4 spaces (indentation_width)
/Users/Brian/Coding Projects/AirFit/AirFit/Core/Constants/AppConstants.swift:6:5: error: Type Contents Order Violation: A 'type_property' should not be placed amongst the type content(s) 'subtype' (type_contents_order)
/Users/Brian/Coding Projects/AirFit/AirFit/Core/Constants/AppConstants.swift:7:5: error: Type Contents Order Violation: A 'type_property' should not be placed amongst the type content(s) 'subtype' (type_contents_order)
/Users/Brian/Coding Projects/AirFit/AirFit/Core/Constants/AppConstants.swift:8:5: error: Type Contents Order Violation: A 'type_property' should not be placed amongst the type content(s) 'subtype' (type_contents_order)
/Users/Brian/Coding Projects/AirFit/AirFit/Core/Theme/AppShadows.swift:3:8: error: File Types Order Violation: A 'main_type' should not be placed amongst the file type(s) 'supporting_type' (file_types_order)
/Users/Brian/Coding Projects/AirFit/AirFit/Core/Theme/AppShadows.swift:67:9: error: Identifier Name Violation: Variable name 'x' should be between 2 and 50 characters long (identifier_name)
/Users/Brian/Coding Projects/AirFit/AirFit/Core/Theme/AppShadows.swift:68:9: error: Identifier Name Violation: Variable name 'y' should be between 2 and 50 characters long (identifier_name)
Linting 'MockWhisperServiceWrapper.swift' (22/45)
Linting 'ViewModelProtocol.swift' (21/45)
Linting 'CommonComponents.swift' (20/45)
Linting 'MockAPIKeyManager.swift' (24/45)
Linting 'MockAIAPIService.swift' (23/45)
Linting 'MockNetworkClient.swift' (25/45)
/Users/Brian/Coding Projects/AirFit/AirFit/Core/Constants/APIConstants.swift:5:5: error: Type Contents Order Violation: A 'type_property' should not be placed amongst the type content(s) 'subtype' (type_contents_order)
/Users/Brian/Coding Projects/AirFit/AirFit/Core/Constants/APIConstants.swift:6:5: error: Type Contents Order Violation: A 'type_property' should not be placed amongst the type content(s) 'subtype' (type_contents_order)
/Users/Brian/Coding Projects/AirFit/AirFit/Core/Constants/APIConstants.swift:9:5: error: Type Contents Order Violation: A 'type_property' should not be placed amongst the type content(s) 'subtype' (type_contents_order)
/Users/Brian/Coding Projects/AirFit/AirFit/Core/Constants/APIConstants.swift:10:5: error: Type Contents Order Violation: A 'type_property' should not be placed amongst the type content(s) 'subtype' (type_contents_order)
Linting 'MockProtocol.swift' (26/45)
/Users/Brian/Coding Projects/AirFit/AirFit/Core/Extensions/Color+Extensions.swift:11:13: error: Identifier Name Violation: Variable name 'a' should be between 2 and 50 characters long (identifier_name)
/Users/Brian/Coding Projects/AirFit/AirFit/Core/Extensions/Color+Extensions.swift:11:16: error: Identifier Name Violation: Variable name 'r' should be between 2 and 50 characters long (identifier_name)
/Users/Brian/Coding Projects/AirFit/AirFit/Core/Extensions/Color+Extensions.swift:11:19: error: Identifier Name Violation: Variable name 'g' should be between 2 and 50 characters long (identifier_name)
/Users/Brian/Coding Projects/AirFit/AirFit/Core/Extensions/Color+Extensions.swift:11:22: error: Identifier Name Violation: Variable name 'b' should be between 2 and 50 characters long (identifier_name)
Linting 'CoreSetupTests.swift' (27/45)
/Users/Brian/Coding Projects/AirFit/AirFit/Core/Enums/AppError.swift:23:27: error: Pattern Matching Keywords Violation: Combine multiple pattern matching bindings by moving keywords out of tuples (pattern_matching_keywords)
/Users/Brian/Coding Projects/AirFit/AirFit/Core/Enums/AppError.swift:23:37: error: Pattern Matching Keywords Violation: Combine multiple pattern matching bindings by moving keywords out of tuples (pattern_matching_keywords)
/Users/Brian/Coding Projects/AirFit/AirFit/Core/Utilities/Validators.swift:5:5: error: Type Contents Order Violation: A 'type_method' should not be placed amongst the type content(s) 'subtype' (type_contents_order)
/Users/Brian/Coding Projects/AirFit/AirFit/Core/Utilities/Validators.swift:15:5: error: Type Contents Order Violation: A 'type_method' should not be placed amongst the type content(s) 'subtype' (type_contents_order)
/Users/Brian/Coding Projects/AirFit/AirFit/Core/Utilities/Validators.swift:28:5: error: Type Contents Order Violation: A 'type_method' should not be placed amongst the type content(s) 'subtype' (type_contents_order)
/Users/Brian/Coding Projects/AirFit/AirFit/Core/Utilities/Validators.swift:38:5: error: Type Contents Order Violation: A 'type_method' should not be placed amongst the type content(s) 'subtype' (type_contents_order)
/Users/Brian/Coding Projects/AirFit/AirFit/Core/Utilities/Validators.swift:48:5: error: Type Contents Order Violation: A 'type_method' should not be placed amongst the type content(s) 'subtype' (type_contents_order)
Linting 'ValidatorsTests.swift' (28/45)
/Users/Brian/Coding Projects/AirFit/AirFit/Core/Utilities/Formatters.swift:5:5: error: Type Contents Order Violation: A 'type_property' should not be placed amongst the type content(s) 'subtype' (type_contents_order)
/Users/Brian/Coding Projects/AirFit/AirFit/Core/Utilities/Formatters.swift:12:5: error: Type Contents Order Violation: A 'type_property' should not be placed amongst the type content(s) 'subtype' (type_contents_order)
/Users/Brian/Coding Projects/AirFit/AirFit/Core/Utilities/Formatters.swift:20:5: error: Type Contents Order Violation: A 'type_property' should not be placed amongst the type content(s) 'subtype' (type_contents_order)
/Users/Brian/Coding Projects/AirFit/AirFit/Core/Utilities/Formatters.swift:29:5: error: Type Contents Order Violation: A 'type_property' should not be placed amongst the type content(s) 'subtype' (type_contents_order)
/Users/Brian/Coding Projects/AirFit/AirFit/Core/Utilities/Formatters.swift:36:5: error: Type Contents Order Violation: A 'type_property' should not be placed amongst the type content(s) 'subtype' (type_contents_order)
/Users/Brian/Coding Projects/AirFit/AirFit/Core/Utilities/Formatters.swift:43:5: error: Type Contents Order Violation: A 'type_property' should not be placed amongst the type content(s) 'subtype' (type_contents_order)
/Users/Brian/Coding Projects/AirFit/AirFit/Core/Utilities/Formatters.swift:51:5: error: Type Contents Order Violation: A 'type_method' should not be placed amongst the type content(s) 'subtype' (type_contents_order)
/Users/Brian/Coding Projects/AirFit/AirFit/Core/Utilities/Formatters.swift:55:5: error: Type Contents Order Violation: A 'type_method' should not be placed amongst the type content(s) 'subtype' (type_contents_order)
/Users/Brian/Coding Projects/AirFit/AirFit/Core/Utilities/Formatters.swift:59:5: error: Type Contents Order Violation: A 'type_method' should not be placed amongst the type content(s) 'subtype' (type_contents_order)
/Users/Brian/Coding Projects/AirFit/AirFit/Core/Extensions/String+Extensions.swift:14:5: error: Type Contents Order Violation: An 'other_method' should not be placed amongst the type content(s) 'instance_property' (type_contents_order)
Linting 'FormattersTests.swift' (30/45)
Linting 'AppConstantsTests.swift' (31/45)
Linting 'KeychainWrapperTests.swift' (33/45)
/Users/Brian/Coding Projects/AirFit/AirFit/AirFitTests/Mocks/MockNetworkClient.swift:124:1: error: Indentation Width Violation: Code should be indented using one tab or 4 spaces (indentation_width)
Linting 'ExtensionsTests.swift' (29/45)
Linting 'AirFitUITestsLaunchTests.swift' (34/45)
Linting 'AirFitUITests.swift' (35/45)
Linting 'AirFitTests.swift' (32/45)
Linting 'BasePage.swift' (36/45)
/Users/Brian/Coding Projects/AirFit/AirFit/AirFitTests/Core/CoreSetupTests.swift:7:11: error: Attributes Violation: Attributes should be on their own lines in functions and types, but on the same line as variables and imports (attributes)
/Users/Brian/Coding Projects/AirFit/AirFit/AirFitTests/Core/CoreSetupTests.swift:21:11: error: Attributes Violation: Attributes should be on their own lines in functions and types, but on the same line as variables and imports (attributes)
/Users/Brian/Coding Projects/AirFit/AirFit/AirFitTests/Core/CoreSetupTests.swift:37:11: error: Attributes Violation: Attributes should be on their own lines in functions and types, but on the same line as variables and imports (attributes)
/Users/Brian/Coding Projects/AirFit/AirFit/AirFitTests/Core/CoreSetupTests.swift:45:11: error: Attributes Violation: Attributes should be on their own lines in functions and types, but on the same line as variables and imports (attributes)
/Users/Brian/Coding Projects/AirFit/AirFit/AirFitTests/Core/CoreSetupTests.swift:61:11: error: Attributes Violation: Attributes should be on their own lines in functions and types, but on the same line as variables and imports (attributes)
/Users/Brian/Coding Projects/AirFit/AirFit/AirFitTests/Core/CoreSetupTests.swift:77:11: error: Attributes Violation: Attributes should be on their own lines in functions and types, but on the same line as variables and imports (attributes)
/Users/Brian/Coding Projects/AirFit/AirFit/AirFitTests/Core/CoreSetupTests.swift:89:11: error: Attributes Violation: Attributes should be on their own lines in functions and types, but on the same line as variables and imports (attributes)
/Users/Brian/Coding Projects/AirFit/AirFit/AirFitTests/Core/CoreSetupTests.swift:104:11: error: Attributes Violation: Attributes should be on their own lines in functions and types, but on the same line as variables and imports (attributes)
/Users/Brian/Coding Projects/AirFit/AirFit/AirFitTests/Core/CoreSetupTests.swift:116:11: error: Attributes Violation: Attributes should be on their own lines in functions and types, but on the same line as variables and imports (attributes)
/Users/Brian/Coding Projects/AirFit/AirFit/AirFitTests/Core/CoreSetupTests.swift:123:11: error: Attributes Violation: Attributes should be on their own lines in functions and types, but on the same line as variables and imports (attributes)
/Users/Brian/Coding Projects/AirFit/AirFit/AirFitTests/Core/CoreSetupTests.swift:144:11: error: Attributes Violation: Attributes should be on their own lines in functions and types, but on the same line as variables and imports (attributes)
/Users/Brian/Coding Projects/AirFit/AirFit/AirFitTests/Core/CoreSetupTests.swift:155:11: error: Attributes Violation: Attributes should be on their own lines in functions and types, but on the same line as variables and imports (attributes)
/Users/Brian/Coding Projects/AirFit/AirFit/Core/Protocols/ViewModelProtocol.swift:6:1: error: File Types Order Violation: A 'main_type' should not be placed amongst the file type(s) 'supporting_type' (file_types_order)
/Users/Brian/Coding Projects/AirFit/AirFit/Core/Protocols/ViewModelProtocol.swift:21:1: error: File Types Order Violation: An 'extension' should not be placed amongst the file type(s) 'supporting_type' (file_types_order)
/Users/Brian/Coding Projects/AirFit/AirFit/AirFitTests/Core/FormattersTests.swift:5:11: error: Attributes Violation: Attributes should be on their own lines in functions and types, but on the same line as variables and imports (attributes)
/Users/Brian/Coding Projects/AirFit/AirFit/AirFitTests/Core/FormattersTests.swift:10:11: error: Attributes Violation: Attributes should be on their own lines in functions and types, but on the same line as variables and imports (attributes)
/Users/Brian/Coding Projects/AirFit/AirFit/AirFitTests/Core/FormattersTests.swift:15:11: error: Attributes Violation: Attributes should be on their own lines in functions and types, but on the same line as variables and imports (attributes)
Linting 'AirFitApp.swift' (37/45)
Linting 'ContentView.swift' (38/45)
Linting 'NotificationManagerProtocol.swift' (39/45)
Linting 'NetworkClient.swift' (40/45)
/Users/Brian/Coding Projects/AirFit/AirFit/Application/AirFitApp.swift:8:40: error: Attributes Violation: Attributes with arguments or inside always_on_line_above must be on a new line instead of the same line (attributes)
/Users/Brian/Coding Projects/AirFit/AirFit/Application/AirFitApp.swift:5:1: error: File Types Order Violation: A 'main_type' should not be placed amongst the file type(s) 'supporting_type' (file_types_order)
/Users/Brian/Coding Projects/AirFit/AirFit/Application/AirFitApp.swift:11:5: error: Type Contents Order Violation: An 'initializer' should not be placed amongst the type content(s) 'instance_property' (type_contents_order)
Linting 'NetworkClientProtocol.swift' (41/45)
Linting 'WhisperServiceWrapperProtocol.swift' (42/45)
/Users/Brian/Coding Projects/AirFit/AirFit/Core/Views/CommonComponents.swift:1:1: error: File Name Violation: File name should match a type or extension declared in the file (if any) (file_name)
/Users/Brian/Coding Projects/AirFit/AirFit/Core/Views/CommonComponents.swift:41:8: error: File Types Order Violation: A 'main_type' should not be placed amongst the file type(s) 'supporting_type' (file_types_order)
/Users/Brian/Coding Projects/AirFit/AirFit/Core/Views/CommonComponents.swift:9:5: error: Type Contents Order Violation: An 'initializer' should not be placed amongst the type content(s) 'instance_property' (type_contents_order)
/Users/Brian/Coding Projects/AirFit/AirFit/Core/Views/CommonComponents.swift:48:5: error: Type Contents Order Violation: An 'initializer' should not be placed amongst the type content(s) 'instance_property' (type_contents_order)
/Users/Brian/Coding Projects/AirFit/AirFit/Core/Views/CommonComponents.swift:95:5: error: Type Contents Order Violation: An 'initializer' should not be placed amongst the type content(s) 'instance_property' (type_contents_order)
Linting 'AIAPIServiceProtocol.swift' (43/45)
/Users/Brian/Coding Projects/AirFit/AirFit/AirFitUITests/AirFitUITestsLaunchTests.swift:11:5: error: Static Over Final Class Violation: Prefer `static` over `class` in a final class (static_over_final_class)
Linting 'AIModels.swift' (44/45)
Linting 'APIKeyManagerProtocol.swift' (45/45)
/Users/Brian/Coding Projects/AirFit/AirFit/AirFitTests/Mocks/MockAIAPIService.swift:6:30: error: Large Tuple Violation: Tuples should have at most 2 members (large_tuple)
/Users/Brian/Coding Projects/AirFit/AirFit/AirFitTests/Core/AppConstantsTests.swift:5:11: error: Attributes Violation: Attributes should be on their own lines in functions and types, but on the same line as variables and imports (attributes)
/Users/Brian/Coding Projects/AirFit/AirFit/AirFitTests/Core/AppConstantsTests.swift:10:11: error: Attributes Violation: Attributes should be on their own lines in functions and types, but on the same line as variables and imports (attributes)
/Users/Brian/Coding Projects/AirFit/AirFit/AirFitUITests/AirFitUITests.swift:20:14: error: Empty XCTest Method Violation: Empty XCTest method should be avoided (empty_xctest_method)
/Users/Brian/Coding Projects/AirFit/AirFit/Services/Network/NetworkClient.swift:3:7: error: File Types Order Violation: A 'main_type' should not be placed amongst the file type(s) 'supporting_type' (file_types_order)
/Users/Brian/Coding Projects/AirFit/AirFit/Services/Network/NetworkClient.swift:145:1: error: File Types Order Violation: An 'extension' should not be placed amongst the file type(s) 'supporting_type' (file_types_order)
/Users/Brian/Coding Projects/AirFit/AirFit/Services/Network/NetworkClient.swift:42:1: error: Indentation Width Violation: Code should be indented using one tab or 4 spaces (indentation_width)
/Users/Brian/Coding Projects/AirFit/AirFit/Services/Network/NetworkClient.swift:50:1: error: Indentation Width Violation: Code should be indented using one tab or 4 spaces (indentation_width)
/Users/Brian/Coding Projects/AirFit/AirFit/Services/Network/NetworkClient.swift:75:1: error: Indentation Width Violation: Code should be indented using one tab or 4 spaces (indentation_width)
/Users/Brian/Coding Projects/AirFit/AirFit/Services/Network/NetworkClient.swift:101:1: error: Indentation Width Violation: Code should be indented using one tab or 4 spaces (indentation_width)
/Users/Brian/Coding Projects/AirFit/AirFit/Services/Network/NetworkClient.swift:10:5: error: Type Contents Order Violation: An 'initializer' should not be placed amongst the type content(s) 'instance_property' (type_contents_order)
/Users/Brian/Coding Projects/AirFit/AirFit/Services/Network/NetworkClient.swift:23:5: error: Type Contents Order Violation: An 'other_method' should not be placed amongst the type content(s) 'instance_property' (type_contents_order)
/Users/Brian/Coding Projects/AirFit/AirFit/Services/Network/NetworkClient.swift:57:5: error: Type Contents Order Violation: An 'other_method' should not be placed amongst the type content(s) 'instance_property' (type_contents_order)
/Users/Brian/Coding Projects/AirFit/AirFit/Services/Network/NetworkClient.swift:82:5: error: Type Contents Order Violation: An 'other_method' should not be placed amongst the type content(s) 'instance_property' (type_contents_order)
/Users/Brian/Coding Projects/AirFit/AirFit/Services/Network/NetworkClient.swift:108:13: error: Type Contents Order Violation: An 'other_method' should not be placed amongst the type content(s) 'instance_property' (type_contents_order)
/Users/Brian/Coding Projects/AirFit/AirFit/Services/Network/NetworkClient.swift:42:31: error: Vertical Parameter Alignment on Call Violation: Function parameters should be aligned vertically if they're in multiple lines in a method call (vertical_parameter_alignment_on_call)
/Users/Brian/Coding Projects/AirFit/AirFit/Services/Network/NetworkClient.swift:43:31: error: Vertical Parameter Alignment on Call Violation: Function parameters should be aligned vertically if they're in multiple lines in a method call (vertical_parameter_alignment_on_call)
/Users/Brian/Coding Projects/AirFit/AirFit/Services/Network/NetworkClient.swift:50:27: error: Vertical Parameter Alignment on Call Violation: Function parameters should be aligned vertically if they're in multiple lines in a method call (vertical_parameter_alignment_on_call)
/Users/Brian/Coding Projects/AirFit/AirFit/Services/Network/NetworkClient.swift:51:27: error: Vertical Parameter Alignment on Call Violation: Function parameters should be aligned vertically if they're in multiple lines in a method call (vertical_parameter_alignment_on_call)
/Users/Brian/Coding Projects/AirFit/AirFit/Services/Network/NetworkClient.swift:75:27: error: Vertical Parameter Alignment on Call Violation: Function parameters should be aligned vertically if they're in multiple lines in a method call (vertical_parameter_alignment_on_call)
/Users/Brian/Coding Projects/AirFit/AirFit/Services/Network/NetworkClient.swift:76:27: error: Vertical Parameter Alignment on Call Violation: Function parameters should be aligned vertically if they're in multiple lines in a method call (vertical_parameter_alignment_on_call)
/Users/Brian/Coding Projects/AirFit/AirFit/Services/Network/NetworkClient.swift:101:27: error: Vertical Parameter Alignment on Call Violation: Function parameters should be aligned vertically if they're in multiple lines in a method call (vertical_parameter_alignment_on_call)
/Users/Brian/Coding Projects/AirFit/AirFit/Services/Network/NetworkClient.swift:102:27: error: Vertical Parameter Alignment on Call Violation: Function parameters should be aligned vertically if they're in multiple lines in a method call (vertical_parameter_alignment_on_call)
/Users/Brian/Coding Projects/AirFit/AirFit/AirFitTests/Core/ValidatorsTests.swift:5:11: error: Attributes Violation: Attributes should be on their own lines in functions and types, but on the same line as variables and imports (attributes)
/Users/Brian/Coding Projects/AirFit/AirFit/AirFitTests/Core/ValidatorsTests.swift:10:11: error: Attributes Violation: Attributes should be on their own lines in functions and types, but on the same line as variables and imports (attributes)
/Users/Brian/Coding Projects/AirFit/AirFit/Services/AI/AIModels.swift:1:1: error: File Name Violation: File name should match a type or extension declared in the file (if any) (file_name)
/Users/Brian/Coding Projects/AirFit/AirFit/Services/AI/AIModels.swift:31:1: error: File Types Order Violation: A 'main_type' should not be placed amongst the file type(s) 'supporting_type' (file_types_order)
/Users/Brian/Coding Projects/AirFit/AirFit/AirFitTests/AirFitTests.swift:12:11: error: Attributes Violation: Attributes should be on their own lines in functions and types, but on the same line as variables and imports (attributes)
/Users/Brian/Coding Projects/AirFit/AirFit/AirFitTests/Core/KeychainWrapperTests.swift:4:7: error: File Types Order Violation: A 'main_type' should not be placed amongst the file type(s) 'supporting_type' (file_types_order)
/Users/Brian/Coding Projects/AirFit/AirFit/AirFitTests/Core/KeychainWrapperTests.swift:8:50: error: Force Unwrapping Violation: Force unwrapping should be avoided (force_unwrapping)
/Users/Brian/Coding Projects/AirFit/AirFit/AirFitTests/Core/KeychainWrapperTests.swift:5:14: error: Implicitly Unwrapped Optional Violation: Implicitly unwrapped optionals should be avoided when possible (implicitly_unwrapped_optional)
/Users/Brian/Coding Projects/AirFit/AirFit/AirFitTests/Core/KeychainWrapperTests.swift:8:20: error: Non-optional String -> Data Conversion Violation: Prefer non-optional `Data(_:)` initializer when converting `String` to `Data` (non_optional_string_data_conversion)
/Users/Brian/Coding Projects/AirFit/AirFit/Services/Network/NetworkClientProtocol.swift:4:1: error: File Types Order Violation: A 'main_type' should not be placed amongst the file type(s) 'supporting_type' (file_types_order)
/Users/Brian/Coding Projects/AirFit/AirFit/AirFitTests/Core/ExtensionsTests.swift:6:11: error: Attributes Violation: Attributes should be on their own lines in functions and types, but on the same line as variables and imports (attributes)
/Users/Brian/Coding Projects/AirFit/AirFit/AirFitTests/Core/ExtensionsTests.swift:11:11: error: Attributes Violation: Attributes should be on their own lines in functions and types, but on the same line as variables and imports (attributes)
Linting 'OnboardingFlowPage.swift' (1/1)
Done linting! Found 101 violations, 101 serious in 46 files.
