Command line invocation:
    /Applications/Xcode.app/Contents/Developer/usr/bin/xcodebuild test -scheme AirFit -destination "platform=iOS Simulator,name=iPhone 16 Pro,OS=18.4" "-only-testing:AirFitTests/DIContainerTests"

2025-06-05 15:54:32.680 xcodebuild[22887:23434376]  DVTDeviceOperation: Encountered a build number "" that is incompatible with DVTBuildVersion.
2025-06-05 15:54:32.683 xcodebuild[22887:23434340] [MT] DVTDeviceOperation: Encountered a build number "" that is incompatible with DVTBuildVersion.
Resolve Package Graph


Resolved source packages:
  whisperkit: https://github.com/argmaxinc/WhisperKit.git @ 0.12.0
  Jinja: https://github.com/johnmai-dev/Jinja @ 1.2.0
  swift-collections: https://github.com/apple/swift-collections.git @ 1.2.0
  swift-transformers: https://github.com/huggingface/swift-transformers.git @ 0.1.15
  swift-argument-parser: https://github.com/apple/swift-argument-parser.git @ 1.5.0

--- xcodebuild: WARNING: Using the first of multiple matching destinations:
{ platform:iOS Simulator, arch:arm64, id:526F0A03-9537-4798-95CD-0BBB89CB0284, OS:18.4, name:iPhone 16 Pro }
{ platform:iOS Simulator, arch:x86_64, id:526F0A03-9537-4798-95CD-0BBB89CB0284, OS:18.4, name:iPhone 16 Pro }
ComputePackagePrebuildTargetDependencyGraph

Prepare packages

CreateBuildRequest

SendProjectDescription

CreateBuildOperation

ComputeTargetDependencyGraph
note: Building targets in dependency order
note: Target dependency graph (18 targets)
    Target 'AirFitWatchApp' in project 'AirFit'
        ➜ Explicit dependency on target 'AirFit' in project 'AirFit'
    Target 'AirFitUITests' in project 'AirFit'
        ➜ Explicit dependency on target 'AirFit' in project 'AirFit'
    Target 'AirFitTests' in project 'AirFit'
        ➜ Explicit dependency on target 'AirFit' in project 'AirFit'
    Target 'AirFit' in project 'AirFit'
        ➜ Explicit dependency on target 'WhisperKit' in project 'whisperkit'
    Target 'WhisperKit' in project 'whisperkit'
        ➜ Explicit dependency on target 'WhisperKit' in project 'whisperkit'
        ➜ Explicit dependency on target 'Transformers' in project 'swift-transformers'
    Target 'WhisperKit' in project 'whisperkit'
        ➜ Explicit dependency on target 'Transformers' in project 'swift-transformers'
    Target 'Transformers' in project 'swift-transformers'
        ➜ Explicit dependency on target 'Tokenizers' in project 'swift-transformers'
        ➜ Explicit dependency on target 'Generation' in project 'swift-transformers'
        ➜ Explicit dependency on target 'Models' in project 'swift-transformers'
        ➜ Explicit dependency on target 'Hub' in project 'swift-transformers'
        ➜ Explicit dependency on target 'TensorUtils' in project 'swift-transformers'
        ➜ Explicit dependency on target 'Jinja' in project 'Jinja'
    Target 'Models' in project 'swift-transformers'
        ➜ Explicit dependency on target 'Hub' in project 'swift-transformers'
        ➜ Explicit dependency on target 'Tokenizers' in project 'swift-transformers'
        ➜ Explicit dependency on target 'TensorUtils' in project 'swift-transformers'
        ➜ Explicit dependency on target 'Generation' in project 'swift-transformers'
        ➜ Explicit dependency on target 'Jinja' in project 'Jinja'
    Target 'Generation' in project 'swift-transformers'
        ➜ Explicit dependency on target 'Hub' in project 'swift-transformers'
        ➜ Explicit dependency on target 'Tokenizers' in project 'swift-transformers'
        ➜ Explicit dependency on target 'TensorUtils' in project 'swift-transformers'
        ➜ Explicit dependency on target 'Jinja' in project 'Jinja'
    Target 'TensorUtils' in project 'swift-transformers' (no dependencies)
    Target 'Tokenizers' in project 'swift-transformers'
        ➜ Explicit dependency on target 'Hub' in project 'swift-transformers'
        ➜ Explicit dependency on target 'Jinja' in project 'Jinja'
    Target 'Jinja' in project 'Jinja'
        ➜ Explicit dependency on target 'Jinja' in project 'Jinja'
        ➜ Explicit dependency on target 'OrderedCollections' in project 'swift-collections'
    Target 'Jinja' in project 'Jinja'
        ➜ Explicit dependency on target 'OrderedCollections' in project 'swift-collections'
    Target 'OrderedCollections' in project 'swift-collections'
        ➜ Explicit dependency on target 'OrderedCollections' in project 'swift-collections'
        ➜ Explicit dependency on target 'InternalCollectionsUtilities' in project 'swift-collections'
    Target 'OrderedCollections' in project 'swift-collections'
        ➜ Explicit dependency on target 'InternalCollectionsUtilities' in project 'swift-collections'
    Target 'InternalCollectionsUtilities' in project 'swift-collections' (no dependencies)
    Target 'Hub' in project 'swift-transformers'
        ➜ Explicit dependency on target 'swift-transformers_Hub' in project 'swift-transformers'
    Target 'swift-transformers_Hub' in project 'swift-transformers' (no dependencies)

GatherProvisioningInputs

CreateBuildDescription

ClangStatCache /Applications/Xcode.app/Contents/Developer/Toolchains/XcodeDefault.xctoolchain/usr/bin/clang-stat-cache /Applications/Xcode.app/Contents/Developer/Platforms/WatchSimulator.platform/Developer/SDKs/WatchSimulator11.5.sdk /Users/Brian/Library/Developer/Xcode/DerivedData/SDKStatCaches.noindex/watchsimulator11.5-22T572-f072d36b9981b6dc55608c571d18f8ef.sdkstatcache
    cd /Users/Brian/Coding\ Projects/AirFit/AirFit.xcodeproj
    /Applications/Xcode.app/Contents/Developer/Toolchains/XcodeDefault.xctoolchain/usr/bin/clang-stat-cache /Applications/Xcode.app/Contents/Developer/Platforms/WatchSimulator.platform/Developer/SDKs/WatchSimulator11.5.sdk -o /Users/Brian/Library/Developer/Xcode/DerivedData/SDKStatCaches.noindex/watchsimulator11.5-22T572-f072d36b9981b6dc55608c571d18f8ef.sdkstatcache

ClangStatCache /Applications/Xcode.app/Contents/Developer/Toolchains/XcodeDefault.xctoolchain/usr/bin/clang-stat-cache /Applications/Xcode.app/Contents/Developer/Platforms/iPhoneSimulator.platform/Developer/SDKs/iPhoneSimulator18.5.sdk /Users/Brian/Library/Developer/Xcode/DerivedData/SDKStatCaches.noindex/iphonesimulator18.5-22F76-d5fc8ad4295d2ef488fb7d0f804ce0c4.sdkstatcache
    cd /Users/Brian/Coding\ Projects/AirFit/AirFit.xcodeproj
    /Applications/Xcode.app/Contents/Developer/Toolchains/XcodeDefault.xctoolchain/usr/bin/clang-stat-cache /Applications/Xcode.app/Contents/Developer/Platforms/iPhoneSimulator.platform/Developer/SDKs/iPhoneSimulator18.5.sdk -o /Users/Brian/Library/Developer/Xcode/DerivedData/SDKStatCaches.noindex/iphonesimulator18.5-22F76-d5fc8ad4295d2ef488fb7d0f804ce0c4.sdkstatcache

Copy /Users/Brian/Library/Developer/Xcode/DerivedData/AirFit-byirbnjrjkaivfbuyqrmiapiyxae/Build/Products/Debug-iphonesimulator/AirFit.app/swift-transformers_Hub.bundle /Users/Brian/Library/Developer/Xcode/DerivedData/AirFit-byirbnjrjkaivfbuyqrmiapiyxae/Build/Products/Debug-iphonesimulator/swift-transformers_Hub.bundle (in target 'AirFit' from project 'AirFit')
    cd /Users/Brian/Coding\ Projects/AirFit
    builtin-copy -exclude .DS_Store -exclude CVS -exclude .svn -exclude .git -exclude .hg -resolve-src-symlinks /Users/Brian/Library/Developer/Xcode/DerivedData/AirFit-byirbnjrjkaivfbuyqrmiapiyxae/Build/Products/Debug-iphonesimulator/swift-transformers_Hub.bundle /Users/Brian/Library/Developer/Xcode/DerivedData/AirFit-byirbnjrjkaivfbuyqrmiapiyxae/Build/Products/Debug-iphonesimulator/AirFit.app

SwiftDriver AirFitWatchApp normal arm64 com.apple.xcode.tools.swift.compiler (in target 'AirFitWatchApp' from project 'AirFit')
    cd /Users/Brian/Coding\ Projects/AirFit
    builtin-SwiftDriver -- /Applications/Xcode.app/Contents/Developer/Toolchains/XcodeDefault.xctoolchain/usr/bin/swiftc -module-name AirFitWatchApp -Onone -enforce-exclusivity\=checked @/Users/Brian/Library/Developer/Xcode/DerivedData/AirFit-byirbnjrjkaivfbuyqrmiapiyxae/Build/Intermediates.noindex/AirFit.build/Debug-watchsimulator/AirFitWatchApp.build/Objects-normal/arm64/AirFitWatchApp.SwiftFileList -DDEBUG -enable-experimental-feature DebugDescriptionMacro -sdk /Applications/Xcode.app/Contents/Developer/Platforms/WatchSimulator.platform/Developer/SDKs/WatchSimulator11.5.sdk -target arm64-apple-watchos11.0-simulator -g -module-cache-path /Users/Brian/Library/Developer/Xcode/DerivedData/ModuleCache.noindex -Xfrontend -serialize-debugging-options -enable-testing -index-store-path /Users/Brian/Library/Developer/Xcode/DerivedData/AirFit-byirbnjrjkaivfbuyqrmiapiyxae/Index.noindex/DataStore -swift-version 6 -I /Users/Brian/Library/Developer/Xcode/DerivedData/AirFit-byirbnjrjkaivfbuyqrmiapiyxae/Build/Products/Debug-watchsimulator -F /Users/Brian/Library/Developer/Xcode/DerivedData/AirFit-byirbnjrjkaivfbuyqrmiapiyxae/Build/Products/Debug-watchsimulator -c -j16 -enable-batch-mode -incremental -Xcc -ivfsstatcache -Xcc /Users/Brian/Library/Developer/Xcode/DerivedData/SDKStatCaches.noindex/watchsimulator11.5-22T572-f072d36b9981b6dc55608c571d18f8ef.sdkstatcache -output-file-map /Users/Brian/Library/Developer/Xcode/DerivedData/AirFit-byirbnjrjkaivfbuyqrmiapiyxae/Build/Intermediates.noindex/AirFit.build/Debug-watchsimulator/AirFitWatchApp.build/Objects-normal/arm64/AirFitWatchApp-OutputFileMap.json -use-frontend-parseable-output -save-temps -no-color-diagnostics -serialize-diagnostics -emit-dependencies -emit-module -emit-module-path /Users/Brian/Library/Developer/Xcode/DerivedData/AirFit-byirbnjrjkaivfbuyqrmiapiyxae/Build/Intermediates.noindex/AirFit.build/Debug-watchsimulator/AirFitWatchApp.build/Objects-normal/arm64/AirFitWatchApp.swiftmodule -validate-clang-modules-once -clang-build-session-file /Users/Brian/Library/Developer/Xcode/DerivedData/ModuleCache.noindex/Session.modulevalidation -Xcc -I/Users/Brian/Library/Developer/Xcode/DerivedData/AirFit-byirbnjrjkaivfbuyqrmiapiyxae/Build/Intermediates.noindex/AirFit.build/Debug-watchsimulator/AirFitWatchApp.build/swift-overrides.hmap -emit-const-values -Xfrontend -const-gather-protocols-file -Xfrontend /Users/Brian/Library/Developer/Xcode/DerivedData/AirFit-byirbnjrjkaivfbuyqrmiapiyxae/Build/Intermediates.noindex/AirFit.build/Debug-watchsimulator/AirFitWatchApp.build/Objects-normal/arm64/AirFitWatchApp_const_extract_protocols.json -Xcc -iquote -Xcc /Users/Brian/Library/Developer/Xcode/DerivedData/AirFit-byirbnjrjkaivfbuyqrmiapiyxae/Build/Intermediates.noindex/AirFit.build/Debug-watchsimulator/AirFitWatchApp.build/AirFitWatchApp-generated-files.hmap -Xcc -I/Users/Brian/Library/Developer/Xcode/DerivedData/AirFit-byirbnjrjkaivfbuyqrmiapiyxae/Build/Intermediates.noindex/AirFit.build/Debug-watchsimulator/AirFitWatchApp.build/AirFitWatchApp-own-target-headers.hmap -Xcc -I/Users/Brian/Library/Developer/Xcode/DerivedData/AirFit-byirbnjrjkaivfbuyqrmiapiyxae/Build/Intermediates.noindex/AirFit.build/Debug-watchsimulator/AirFitWatchApp.build/AirFitWatchApp-all-non-framework-target-headers.hmap -Xcc -ivfsoverlay -Xcc /Users/Brian/Library/Developer/Xcode/DerivedData/AirFit-byirbnjrjkaivfbuyqrmiapiyxae/Build/Intermediates.noindex/AirFit.build/Debug-watchsimulator/AirFit-ebd97daffa3a1e236f047a59eef70a3a-VFS-watchsimulator/all-product-headers.yaml -Xcc -iquote -Xcc /Users/Brian/Library/Developer/Xcode/DerivedData/AirFit-byirbnjrjkaivfbuyqrmiapiyxae/Build/Intermediates.noindex/AirFit.build/Debug-watchsimulator/AirFitWatchApp.build/AirFitWatchApp-project-headers.hmap -Xcc -I/Users/Brian/Library/Developer/Xcode/DerivedData/AirFit-byirbnjrjkaivfbuyqrmiapiyxae/Build/Products/Debug-watchsimulator/include -Xcc -I/Users/Brian/Library/Developer/Xcode/DerivedData/AirFit-byirbnjrjkaivfbuyqrmiapiyxae/Build/Intermediates.noindex/AirFit.build/Debug-watchsimulator/AirFitWatchApp.build/DerivedSources-normal/arm64 -Xcc -I/Users/Brian/Library/Developer/Xcode/DerivedData/AirFit-byirbnjrjkaivfbuyqrmiapiyxae/Build/Intermediates.noindex/AirFit.build/Debug-watchsimulator/AirFitWatchApp.build/DerivedSources/arm64 -Xcc -I/Users/Brian/Library/Developer/Xcode/DerivedData/AirFit-byirbnjrjkaivfbuyqrmiapiyxae/Build/Intermediates.noindex/AirFit.build/Debug-watchsimulator/AirFitWatchApp.build/DerivedSources -Xcc -DDEBUG\=1 -emit-objc-header -emit-objc-header-path /Users/Brian/Library/Developer/Xcode/DerivedData/AirFit-byirbnjrjkaivfbuyqrmiapiyxae/Build/Intermediates.noindex/AirFit.build/Debug-watchsimulator/AirFitWatchApp.build/Objects-normal/arm64/AirFitWatchApp-Swift.h -working-directory /Users/Brian/Coding\ Projects/AirFit -experimental-emit-module-separately -disable-cmo

SwiftDriver AirFitWatchApp normal x86_64 com.apple.xcode.tools.swift.compiler (in target 'AirFitWatchApp' from project 'AirFit')
    cd /Users/Brian/Coding\ Projects/AirFit
    builtin-SwiftDriver -- /Applications/Xcode.app/Contents/Developer/Toolchains/XcodeDefault.xctoolchain/usr/bin/swiftc -module-name AirFitWatchApp -Onone -enforce-exclusivity\=checked @/Users/Brian/Library/Developer/Xcode/DerivedData/AirFit-byirbnjrjkaivfbuyqrmiapiyxae/Build/Intermediates.noindex/AirFit.build/Debug-watchsimulator/AirFitWatchApp.build/Objects-normal/x86_64/AirFitWatchApp.SwiftFileList -DDEBUG -enable-experimental-feature DebugDescriptionMacro -sdk /Applications/Xcode.app/Contents/Developer/Platforms/WatchSimulator.platform/Developer/SDKs/WatchSimulator11.5.sdk -target x86_64-apple-watchos11.0-simulator -g -module-cache-path /Users/Brian/Library/Developer/Xcode/DerivedData/ModuleCache.noindex -Xfrontend -serialize-debugging-options -enable-testing -index-store-path /Users/Brian/Library/Developer/Xcode/DerivedData/AirFit-byirbnjrjkaivfbuyqrmiapiyxae/Index.noindex/DataStore -swift-version 6 -I /Users/Brian/Library/Developer/Xcode/DerivedData/AirFit-byirbnjrjkaivfbuyqrmiapiyxae/Build/Products/Debug-watchsimulator -F /Users/Brian/Library/Developer/Xcode/DerivedData/AirFit-byirbnjrjkaivfbuyqrmiapiyxae/Build/Products/Debug-watchsimulator -c -j16 -enable-batch-mode -incremental -Xcc -ivfsstatcache -Xcc /Users/Brian/Library/Developer/Xcode/DerivedData/SDKStatCaches.noindex/watchsimulator11.5-22T572-f072d36b9981b6dc55608c571d18f8ef.sdkstatcache -output-file-map /Users/Brian/Library/Developer/Xcode/DerivedData/AirFit-byirbnjrjkaivfbuyqrmiapiyxae/Build/Intermediates.noindex/AirFit.build/Debug-watchsimulator/AirFitWatchApp.build/Objects-normal/x86_64/AirFitWatchApp-OutputFileMap.json -use-frontend-parseable-output -save-temps -no-color-diagnostics -serialize-diagnostics -emit-dependencies -emit-module -emit-module-path /Users/Brian/Library/Developer/Xcode/DerivedData/AirFit-byirbnjrjkaivfbuyqrmiapiyxae/Build/Intermediates.noindex/AirFit.build/Debug-watchsimulator/AirFitWatchApp.build/Objects-normal/x86_64/AirFitWatchApp.swiftmodule -validate-clang-modules-once -clang-build-session-file /Users/Brian/Library/Developer/Xcode/DerivedData/ModuleCache.noindex/Session.modulevalidation -Xcc -I/Users/Brian/Library/Developer/Xcode/DerivedData/AirFit-byirbnjrjkaivfbuyqrmiapiyxae/Build/Intermediates.noindex/AirFit.build/Debug-watchsimulator/AirFitWatchApp.build/swift-overrides.hmap -emit-const-values -Xfrontend -const-gather-protocols-file -Xfrontend /Users/Brian/Library/Developer/Xcode/DerivedData/AirFit-byirbnjrjkaivfbuyqrmiapiyxae/Build/Intermediates.noindex/AirFit.build/Debug-watchsimulator/AirFitWatchApp.build/Objects-normal/x86_64/AirFitWatchApp_const_extract_protocols.json -Xcc -iquote -Xcc /Users/Brian/Library/Developer/Xcode/DerivedData/AirFit-byirbnjrjkaivfbuyqrmiapiyxae/Build/Intermediates.noindex/AirFit.build/Debug-watchsimulator/AirFitWatchApp.build/AirFitWatchApp-generated-files.hmap -Xcc -I/Users/Brian/Library/Developer/Xcode/DerivedData/AirFit-byirbnjrjkaivfbuyqrmiapiyxae/Build/Intermediates.noindex/AirFit.build/Debug-watchsimulator/AirFitWatchApp.build/AirFitWatchApp-own-target-headers.hmap -Xcc -I/Users/Brian/Library/Developer/Xcode/DerivedData/AirFit-byirbnjrjkaivfbuyqrmiapiyxae/Build/Intermediates.noindex/AirFit.build/Debug-watchsimulator/AirFitWatchApp.build/AirFitWatchApp-all-non-framework-target-headers.hmap -Xcc -ivfsoverlay -Xcc /Users/Brian/Library/Developer/Xcode/DerivedData/AirFit-byirbnjrjkaivfbuyqrmiapiyxae/Build/Intermediates.noindex/AirFit.build/Debug-watchsimulator/AirFit-ebd97daffa3a1e236f047a59eef70a3a-VFS-watchsimulator/all-product-headers.yaml -Xcc -iquote -Xcc /Users/Brian/Library/Developer/Xcode/DerivedData/AirFit-byirbnjrjkaivfbuyqrmiapiyxae/Build/Intermediates.noindex/AirFit.build/Debug-watchsimulator/AirFitWatchApp.build/AirFitWatchApp-project-headers.hmap -Xcc -I/Users/Brian/Library/Developer/Xcode/DerivedData/AirFit-byirbnjrjkaivfbuyqrmiapiyxae/Build/Products/Debug-watchsimulator/include -Xcc -I/Users/Brian/Library/Developer/Xcode/DerivedData/AirFit-byirbnjrjkaivfbuyqrmiapiyxae/Build/Intermediates.noindex/AirFit.build/Debug-watchsimulator/AirFitWatchApp.build/DerivedSources-normal/x86_64 -Xcc -I/Users/Brian/Library/Developer/Xcode/DerivedData/AirFit-byirbnjrjkaivfbuyqrmiapiyxae/Build/Intermediates.noindex/AirFit.build/Debug-watchsimulator/AirFitWatchApp.build/DerivedSources/x86_64 -Xcc -I/Users/Brian/Library/Developer/Xcode/DerivedData/AirFit-byirbnjrjkaivfbuyqrmiapiyxae/Build/Intermediates.noindex/AirFit.build/Debug-watchsimulator/AirFitWatchApp.build/DerivedSources -Xcc -DDEBUG\=1 -emit-objc-header -emit-objc-header-path /Users/Brian/Library/Developer/Xcode/DerivedData/AirFit-byirbnjrjkaivfbuyqrmiapiyxae/Build/Intermediates.noindex/AirFit.build/Debug-watchsimulator/AirFitWatchApp.build/Objects-normal/x86_64/AirFitWatchApp-Swift.h -working-directory /Users/Brian/Coding\ Projects/AirFit -experimental-emit-module-separately -disable-cmo

SwiftDriver AirFitUITests normal arm64 com.apple.xcode.tools.swift.compiler (in target 'AirFitUITests' from project 'AirFit')
    cd /Users/Brian/Coding\ Projects/AirFit
    builtin-SwiftDriver -- /Applications/Xcode.app/Contents/Developer/Toolchains/XcodeDefault.xctoolchain/usr/bin/swiftc -module-name AirFitUITests -Onone -enforce-exclusivity\=checked @/Users/Brian/Library/Developer/Xcode/DerivedData/AirFit-byirbnjrjkaivfbuyqrmiapiyxae/Build/Intermediates.noindex/AirFit.build/Debug-iphonesimulator/AirFitUITests.build/Objects-normal/arm64/AirFitUITests.SwiftFileList -DDEBUG -module-alias Testing\=_Testing_Unavailable -plugin-path /Applications/Xcode.app/Contents/Developer/Toolchains/XcodeDefault.xctoolchain/usr/lib/swift/host/plugins/testing -enable-experimental-feature DebugDescriptionMacro -sdk /Applications/Xcode.app/Contents/Developer/Platforms/iPhoneSimulator.platform/Developer/SDKs/iPhoneSimulator18.5.sdk -target arm64-apple-ios18.0-simulator -g -module-cache-path /Users/Brian/Library/Developer/Xcode/DerivedData/ModuleCache.noindex -Xfrontend -serialize-debugging-options -enable-testing -index-store-path /Users/Brian/Library/Developer/Xcode/DerivedData/AirFit-byirbnjrjkaivfbuyqrmiapiyxae/Index.noindex/DataStore -swift-version 6 -I /Users/Brian/Library/Developer/Xcode/DerivedData/AirFit-byirbnjrjkaivfbuyqrmiapiyxae/Build/Products/Debug-iphonesimulator -I /Applications/Xcode.app/Contents/Developer/Platforms/iPhoneSimulator.platform/Developer/usr/lib -F /Users/Brian/Library/Developer/Xcode/DerivedData/AirFit-byirbnjrjkaivfbuyqrmiapiyxae/Build/Products/Debug-iphonesimulator -F /Applications/Xcode.app/Contents/Developer/Platforms/iPhoneSimulator.platform/Developer/Library/Frameworks -F /Applications/Xcode.app/Contents/Developer/Platforms/iPhoneSimulator.platform/Developer/SDKs/iPhoneSimulator18.5.sdk/Developer/Library/Frameworks -c -j16 -enable-batch-mode -incremental -Xcc -ivfsstatcache -Xcc /Users/Brian/Library/Developer/Xcode/DerivedData/SDKStatCaches.noindex/iphonesimulator18.5-22F76-d5fc8ad4295d2ef488fb7d0f804ce0c4.sdkstatcache -output-file-map /Users/Brian/Library/Developer/Xcode/DerivedData/AirFit-byirbnjrjkaivfbuyqrmiapiyxae/Build/Intermediates.noindex/AirFit.build/Debug-iphonesimulator/AirFitUITests.build/Objects-normal/arm64/AirFitUITests-OutputFileMap.json -use-frontend-parseable-output -save-temps -no-color-diagnostics -serialize-diagnostics -emit-dependencies -emit-module -emit-module-path /Users/Brian/Library/Developer/Xcode/DerivedData/AirFit-byirbnjrjkaivfbuyqrmiapiyxae/Build/Intermediates.noindex/AirFit.build/Debug-iphonesimulator/AirFitUITests.build/Objects-normal/arm64/AirFitUITests.swiftmodule -validate-clang-modules-once -clang-build-session-file /Users/Brian/Library/Developer/Xcode/DerivedData/ModuleCache.noindex/Session.modulevalidation -Xcc -I/Users/Brian/Library/Developer/Xcode/DerivedData/AirFit-byirbnjrjkaivfbuyqrmiapiyxae/Build/Intermediates.noindex/AirFit.build/Debug-iphonesimulator/AirFitUITests.build/swift-overrides.hmap -emit-const-values -Xfrontend -const-gather-protocols-file -Xfrontend /Users/Brian/Library/Developer/Xcode/DerivedData/AirFit-byirbnjrjkaivfbuyqrmiapiyxae/Build/Intermediates.noindex/AirFit.build/Debug-iphonesimulator/AirFitUITests.build/Objects-normal/arm64/AirFitUITests_const_extract_protocols.json -Xcc -iquote -Xcc /Users/Brian/Library/Developer/Xcode/DerivedData/AirFit-byirbnjrjkaivfbuyqrmiapiyxae/Build/Intermediates.noindex/AirFit.build/Debug-iphonesimulator/AirFitUITests.build/AirFitUITests-generated-files.hmap -Xcc -I/Users/Brian/Library/Developer/Xcode/DerivedData/AirFit-byirbnjrjkaivfbuyqrmiapiyxae/Build/Intermediates.noindex/AirFit.build/Debug-iphonesimulator/AirFitUITests.build/AirFitUITests-own-target-headers.hmap -Xcc -I/Users/Brian/Library/Developer/Xcode/DerivedData/AirFit-byirbnjrjkaivfbuyqrmiapiyxae/Build/Intermediates.noindex/AirFit.build/Debug-iphonesimulator/AirFitUITests.build/AirFitUITests-all-non-framework-target-headers.hmap -Xcc -ivfsoverlay -Xcc /Users/Brian/Library/Developer/Xcode/DerivedData/AirFit-byirbnjrjkaivfbuyqrmiapiyxae/Build/Intermediates.noindex/AirFit.build/Debug-iphonesimulator/AirFit-ebd97daffa3a1e236f047a59eef70a3a-VFS-iphonesimulator/all-product-headers.yaml -Xcc -iquote -Xcc /Users/Brian/Library/Developer/Xcode/DerivedData/AirFit-byirbnjrjkaivfbuyqrmiapiyxae/Build/Intermediates.noindex/AirFit.build/Debug-iphonesimulator/AirFitUITests.build/AirFitUITests-project-headers.hmap -Xcc -I/Users/Brian/Library/Developer/Xcode/DerivedData/AirFit-byirbnjrjkaivfbuyqrmiapiyxae/Build/Products/Debug-iphonesimulator/include -Xcc -I/Users/Brian/Library/Developer/Xcode/DerivedData/AirFit-byirbnjrjkaivfbuyqrmiapiyxae/Build/Intermediates.noindex/AirFit.build/Debug-iphonesimulator/AirFitUITests.build/DerivedSources-normal/arm64 -Xcc -I/Users/Brian/Library/Developer/Xcode/DerivedData/AirFit-byirbnjrjkaivfbuyqrmiapiyxae/Build/Intermediates.noindex/AirFit.build/Debug-iphonesimulator/AirFitUITests.build/DerivedSources/arm64 -Xcc -I/Users/Brian/Library/Developer/Xcode/DerivedData/AirFit-byirbnjrjkaivfbuyqrmiapiyxae/Build/Intermediates.noindex/AirFit.build/Debug-iphonesimulator/AirFitUITests.build/DerivedSources -Xcc -DDEBUG\=1 -emit-objc-header -emit-objc-header-path /Users/Brian/Library/Developer/Xcode/DerivedData/AirFit-byirbnjrjkaivfbuyqrmiapiyxae/Build/Intermediates.noindex/AirFit.build/Debug-iphonesimulator/AirFitUITests.build/Objects-normal/arm64/AirFitUITests-Swift.h -working-directory /Users/Brian/Coding\ Projects/AirFit -experimental-emit-module-separately -disable-cmo

SwiftDriver AirFitTests normal arm64 com.apple.xcode.tools.swift.compiler (in target 'AirFitTests' from project 'AirFit')
    cd /Users/Brian/Coding\ Projects/AirFit
    builtin-SwiftDriver -- /Applications/Xcode.app/Contents/Developer/Toolchains/XcodeDefault.xctoolchain/usr/bin/swiftc -module-name AirFitTests -Onone -enforce-exclusivity\=checked @/Users/Brian/Library/Developer/Xcode/DerivedData/AirFit-byirbnjrjkaivfbuyqrmiapiyxae/Build/Intermediates.noindex/AirFit.build/Debug-iphonesimulator/AirFitTests.build/Objects-normal/arm64/AirFitTests.SwiftFileList -DDEBUG -plugin-path /Applications/Xcode.app/Contents/Developer/Toolchains/XcodeDefault.xctoolchain/usr/lib/swift/host/plugins/testing -enable-experimental-feature DebugDescriptionMacro -sdk /Applications/Xcode.app/Contents/Developer/Platforms/iPhoneSimulator.platform/Developer/SDKs/iPhoneSimulator18.5.sdk -target arm64-apple-ios18.0-simulator -g -module-cache-path /Users/Brian/Library/Developer/Xcode/DerivedData/ModuleCache.noindex -Xfrontend -serialize-debugging-options -enable-testing -index-store-path /Users/Brian/Library/Developer/Xcode/DerivedData/AirFit-byirbnjrjkaivfbuyqrmiapiyxae/Index.noindex/DataStore -swift-version 6 -I /Users/Brian/Library/Developer/Xcode/DerivedData/AirFit-byirbnjrjkaivfbuyqrmiapiyxae/Build/Products/Debug-iphonesimulator -I /Applications/Xcode.app/Contents/Developer/Platforms/iPhoneSimulator.platform/Developer/usr/lib -F /Users/Brian/Library/Developer/Xcode/DerivedData/AirFit-byirbnjrjkaivfbuyqrmiapiyxae/Build/Products/Debug-iphonesimulator/PackageFrameworks -F /Users/Brian/Library/Developer/Xcode/DerivedData/AirFit-byirbnjrjkaivfbuyqrmiapiyxae/Build/Products/Debug-iphonesimulator/PackageFrameworks -F /Users/Brian/Library/Developer/Xcode/DerivedData/AirFit-byirbnjrjkaivfbuyqrmiapiyxae/Build/Products/Debug-iphonesimulator/PackageFrameworks -F /Users/Brian/Library/Developer/Xcode/DerivedData/AirFit-byirbnjrjkaivfbuyqrmiapiyxae/Build/Products/Debug-iphonesimulator/PackageFrameworks -F /Users/Brian/Library/Developer/Xcode/DerivedData/AirFit-byirbnjrjkaivfbuyqrmiapiyxae/Build/Products/Debug-iphonesimulator/PackageFrameworks -F /Users/Brian/Library/Developer/Xcode/DerivedData/AirFit-byirbnjrjkaivfbuyqrmiapiyxae/Build/Products/Debug-iphonesimulator/PackageFrameworks -F /Users/Brian/Library/Developer/Xcode/DerivedData/AirFit-byirbnjrjkaivfbuyqrmiapiyxae/Build/Products/Debug-iphonesimulator/PackageFrameworks -F /Users/Brian/Library/Developer/Xcode/DerivedData/AirFit-byirbnjrjkaivfbuyqrmiapiyxae/Build/Products/Debug-iphonesimulator/PackageFrameworks -F /Users/Brian/Library/Developer/Xcode/DerivedData/AirFit-byirbnjrjkaivfbuyqrmiapiyxae/Build/Products/Debug-iphonesimulator/PackageFrameworks -F /Users/Brian/Library/Developer/Xcode/DerivedData/AirFit-byirbnjrjkaivfbuyqrmiapiyxae/Build/Products/Debug-iphonesimulator -F /Applications/Xcode.app/Contents/Developer/Platforms/iPhoneSimulator.platform/Developer/Library/Frameworks -F /Applications/Xcode.app/Contents/Developer/Platforms/iPhoneSimulator.platform/Developer/SDKs/iPhoneSimulator18.5.sdk/Developer/Library/Frameworks -c -j16 -enable-batch-mode -incremental -Xcc -ivfsstatcache -Xcc /Users/Brian/Library/Developer/Xcode/DerivedData/SDKStatCaches.noindex/iphonesimulator18.5-22F76-d5fc8ad4295d2ef488fb7d0f804ce0c4.sdkstatcache -output-file-map /Users/Brian/Library/Developer/Xcode/DerivedData/AirFit-byirbnjrjkaivfbuyqrmiapiyxae/Build/Intermediates.noindex/AirFit.build/Debug-iphonesimulator/AirFitTests.build/Objects-normal/arm64/AirFitTests-OutputFileMap.json -use-frontend-parseable-output -save-temps -no-color-diagnostics -serialize-diagnostics -emit-dependencies -emit-module -emit-module-path /Users/Brian/Library/Developer/Xcode/DerivedData/AirFit-byirbnjrjkaivfbuyqrmiapiyxae/Build/Intermediates.noindex/AirFit.build/Debug-iphonesimulator/AirFitTests.build/Objects-normal/arm64/AirFitTests.swiftmodule -validate-clang-modules-once -clang-build-session-file /Users/Brian/Library/Developer/Xcode/DerivedData/ModuleCache.noindex/Session.modulevalidation -Xcc -I/Users/Brian/Library/Developer/Xcode/DerivedData/AirFit-byirbnjrjkaivfbuyqrmiapiyxae/Build/Intermediates.noindex/AirFit.build/Debug-iphonesimulator/AirFitTests.build/swift-overrides.hmap -emit-const-values -Xfrontend -const-gather-protocols-file -Xfrontend /Users/Brian/Library/Developer/Xcode/DerivedData/AirFit-byirbnjrjkaivfbuyqrmiapiyxae/Build/Intermediates.noindex/AirFit.build/Debug-iphonesimulator/AirFitTests.build/Objects-normal/arm64/AirFitTests_const_extract_protocols.json -Xcc -iquote -Xcc /Users/Brian/Library/Developer/Xcode/DerivedData/AirFit-byirbnjrjkaivfbuyqrmiapiyxae/Build/Intermediates.noindex/AirFit.build/Debug-iphonesimulator/AirFitTests.build/AirFitTests-generated-files.hmap -Xcc -I/Users/Brian/Library/Developer/Xcode/DerivedData/AirFit-byirbnjrjkaivfbuyqrmiapiyxae/Build/Intermediates.noindex/AirFit.build/Debug-iphonesimulator/AirFitTests.build/AirFitTests-own-target-headers.hmap -Xcc -I/Users/Brian/Library/Developer/Xcode/DerivedData/AirFit-byirbnjrjkaivfbuyqrmiapiyxae/Build/Intermediates.noindex/AirFit.build/Debug-iphonesimulator/AirFitTests.build/AirFitTests-all-non-framework-target-headers.hmap -Xcc -ivfsoverlay -Xcc /Users/Brian/Library/Developer/Xcode/DerivedData/AirFit-byirbnjrjkaivfbuyqrmiapiyxae/Build/Intermediates.noindex/AirFit.build/Debug-iphonesimulator/AirFit-ebd97daffa3a1e236f047a59eef70a3a-VFS-iphonesimulator/all-product-headers.yaml -Xcc -iquote -Xcc /Users/Brian/Library/Developer/Xcode/DerivedData/AirFit-byirbnjrjkaivfbuyqrmiapiyxae/Build/Intermediates.noindex/AirFit.build/Debug-iphonesimulator/AirFitTests.build/AirFitTests-project-headers.hmap -Xcc -I/Users/Brian/Library/Developer/Xcode/DerivedData/AirFit-byirbnjrjkaivfbuyqrmiapiyxae/Build/Products/Debug-iphonesimulator/include -Xcc -I/Users/Brian/Library/Developer/Xcode/DerivedData/AirFit-byirbnjrjkaivfbuyqrmiapiyxae/Build/Intermediates.noindex/AirFit.build/Debug-iphonesimulator/AirFitTests.build/DerivedSources-normal/arm64 -Xcc -I/Users/Brian/Library/Developer/Xcode/DerivedData/AirFit-byirbnjrjkaivfbuyqrmiapiyxae/Build/Intermediates.noindex/AirFit.build/Debug-iphonesimulator/AirFitTests.build/DerivedSources/arm64 -Xcc -I/Users/Brian/Library/Developer/Xcode/DerivedData/AirFit-byirbnjrjkaivfbuyqrmiapiyxae/Build/Intermediates.noindex/AirFit.build/Debug-iphonesimulator/AirFitTests.build/DerivedSources -Xcc -DDEBUG\=1 -emit-objc-header -emit-objc-header-path /Users/Brian/Library/Developer/Xcode/DerivedData/AirFit-byirbnjrjkaivfbuyqrmiapiyxae/Build/Intermediates.noindex/AirFit.build/Debug-iphonesimulator/AirFitTests.build/Objects-normal/arm64/AirFitTests-Swift.h -working-directory /Users/Brian/Coding\ Projects/AirFit -experimental-emit-module-separately -disable-cmo

SwiftDriver AirFit normal arm64 com.apple.xcode.tools.swift.compiler (in target 'AirFit' from project 'AirFit')
    cd /Users/Brian/Coding\ Projects/AirFit
    builtin-SwiftDriver -- /Applications/Xcode.app/Contents/Developer/Toolchains/XcodeDefault.xctoolchain/usr/bin/swiftc -module-name AirFit -Onone -enforce-exclusivity\=checked @/Users/Brian/Library/Developer/Xcode/DerivedData/AirFit-byirbnjrjkaivfbuyqrmiapiyxae/Build/Intermediates.noindex/AirFit.build/Debug-iphonesimulator/AirFit.build/Objects-normal/arm64/AirFit.SwiftFileList -DDEBUG -enable-experimental-feature DebugDescriptionMacro -sdk /Applications/Xcode.app/Contents/Developer/Platforms/iPhoneSimulator.platform/Developer/SDKs/iPhoneSimulator18.5.sdk -target arm64-apple-ios18.0-simulator -g -module-cache-path /Users/Brian/Library/Developer/Xcode/DerivedData/ModuleCache.noindex -Xfrontend -serialize-debugging-options -enable-testing -index-store-path /Users/Brian/Library/Developer/Xcode/DerivedData/AirFit-byirbnjrjkaivfbuyqrmiapiyxae/Index.noindex/DataStore -swift-version 6 -I /Users/Brian/Library/Developer/Xcode/DerivedData/AirFit-byirbnjrjkaivfbuyqrmiapiyxae/Build/Products/Debug-iphonesimulator -F /Users/Brian/Library/Developer/Xcode/DerivedData/AirFit-byirbnjrjkaivfbuyqrmiapiyxae/Build/Products/Debug-iphonesimulator/PackageFrameworks -F /Users/Brian/Library/Developer/Xcode/DerivedData/AirFit-byirbnjrjkaivfbuyqrmiapiyxae/Build/Products/Debug-iphonesimulator/PackageFrameworks -F /Users/Brian/Library/Developer/Xcode/DerivedData/AirFit-byirbnjrjkaivfbuyqrmiapiyxae/Build/Products/Debug-iphonesimulator/PackageFrameworks -F /Users/Brian/Library/Developer/Xcode/DerivedData/AirFit-byirbnjrjkaivfbuyqrmiapiyxae/Build/Products/Debug-iphonesimulator/PackageFrameworks -F /Users/Brian/Library/Developer/Xcode/DerivedData/AirFit-byirbnjrjkaivfbuyqrmiapiyxae/Build/Products/Debug-iphonesimulator/PackageFrameworks -F /Users/Brian/Library/Developer/Xcode/DerivedData/AirFit-byirbnjrjkaivfbuyqrmiapiyxae/Build/Products/Debug-iphonesimulator/PackageFrameworks -F /Users/Brian/Library/Developer/Xcode/DerivedData/AirFit-byirbnjrjkaivfbuyqrmiapiyxae/Build/Products/Debug-iphonesimulator/PackageFrameworks -F /Users/Brian/Library/Developer/Xcode/DerivedData/AirFit-byirbnjrjkaivfbuyqrmiapiyxae/Build/Products/Debug-iphonesimulator/PackageFrameworks -F /Users/Brian/Library/Developer/Xcode/DerivedData/AirFit-byirbnjrjkaivfbuyqrmiapiyxae/Build/Products/Debug-iphonesimulator/PackageFrameworks -F /Users/Brian/Library/Developer/Xcode/DerivedData/AirFit-byirbnjrjkaivfbuyqrmiapiyxae/Build/Products/Debug-iphonesimulator -c -j16 -enable-batch-mode -incremental -Xcc -ivfsstatcache -Xcc /Users/Brian/Library/Developer/Xcode/DerivedData/SDKStatCaches.noindex/iphonesimulator18.5-22F76-d5fc8ad4295d2ef488fb7d0f804ce0c4.sdkstatcache -output-file-map /Users/Brian/Library/Developer/Xcode/DerivedData/AirFit-byirbnjrjkaivfbuyqrmiapiyxae/Build/Intermediates.noindex/AirFit.build/Debug-iphonesimulator/AirFit.build/Objects-normal/arm64/AirFit-OutputFileMap.json -use-frontend-parseable-output -save-temps -no-color-diagnostics -serialize-diagnostics -emit-dependencies -emit-module -emit-module-path /Users/Brian/Library/Developer/Xcode/DerivedData/AirFit-byirbnjrjkaivfbuyqrmiapiyxae/Build/Intermediates.noindex/AirFit.build/Debug-iphonesimulator/AirFit.build/Objects-normal/arm64/AirFit.swiftmodule -validate-clang-modules-once -clang-build-session-file /Users/Brian/Library/Developer/Xcode/DerivedData/ModuleCache.noindex/Session.modulevalidation -Xcc -I/Users/Brian/Library/Developer/Xcode/DerivedData/AirFit-byirbnjrjkaivfbuyqrmiapiyxae/Build/Intermediates.noindex/AirFit.build/Debug-iphonesimulator/AirFit.build/swift-overrides.hmap -emit-const-values -Xfrontend -const-gather-protocols-file -Xfrontend /Users/Brian/Library/Developer/Xcode/DerivedData/AirFit-byirbnjrjkaivfbuyqrmiapiyxae/Build/Intermediates.noindex/AirFit.build/Debug-iphonesimulator/AirFit.build/Objects-normal/arm64/AirFit_const_extract_protocols.json -Xcc -iquote -Xcc /Users/Brian/Library/Developer/Xcode/DerivedData/AirFit-byirbnjrjkaivfbuyqrmiapiyxae/Build/Intermediates.noindex/AirFit.build/Debug-iphonesimulator/AirFit.build/AirFit-generated-files.hmap -Xcc -I/Users/Brian/Library/Developer/Xcode/DerivedData/AirFit-byirbnjrjkaivfbuyqrmiapiyxae/Build/Intermediates.noindex/AirFit.build/Debug-iphonesimulator/AirFit.build/AirFit-own-target-headers.hmap -Xcc -I/Users/Brian/Library/Developer/Xcode/DerivedData/AirFit-byirbnjrjkaivfbuyqrmiapiyxae/Build/Intermediates.noindex/AirFit.build/Debug-iphonesimulator/AirFit.build/AirFit-all-non-framework-target-headers.hmap -Xcc -ivfsoverlay -Xcc /Users/Brian/Library/Developer/Xcode/DerivedData/AirFit-byirbnjrjkaivfbuyqrmiapiyxae/Build/Intermediates.noindex/AirFit.build/Debug-iphonesimulator/AirFit-ebd97daffa3a1e236f047a59eef70a3a-VFS-iphonesimulator/all-product-headers.yaml -Xcc -iquote -Xcc /Users/Brian/Library/Developer/Xcode/DerivedData/AirFit-byirbnjrjkaivfbuyqrmiapiyxae/Build/Intermediates.noindex/AirFit.build/Debug-iphonesimulator/AirFit.build/AirFit-project-headers.hmap -Xcc -I/Users/Brian/Library/Developer/Xcode/DerivedData/AirFit-byirbnjrjkaivfbuyqrmiapiyxae/Build/Products/Debug-iphonesimulator/include -Xcc -I/Users/Brian/Library/Developer/Xcode/DerivedData/AirFit-byirbnjrjkaivfbuyqrmiapiyxae/Build/Intermediates.noindex/AirFit.build/Debug-iphonesimulator/AirFit.build/DerivedSources-normal/arm64 -Xcc -I/Users/Brian/Library/Developer/Xcode/DerivedData/AirFit-byirbnjrjkaivfbuyqrmiapiyxae/Build/Intermediates.noindex/AirFit.build/Debug-iphonesimulator/AirFit.build/DerivedSources/arm64 -Xcc -I/Users/Brian/Library/Developer/Xcode/DerivedData/AirFit-byirbnjrjkaivfbuyqrmiapiyxae/Build/Intermediates.noindex/AirFit.build/Debug-iphonesimulator/AirFit.build/DerivedSources -Xcc -DDEBUG\=1 -emit-objc-header -emit-objc-header-path /Users/Brian/Library/Developer/Xcode/DerivedData/AirFit-byirbnjrjkaivfbuyqrmiapiyxae/Build/Intermediates.noindex/AirFit.build/Debug-iphonesimulator/AirFit.build/Objects-normal/arm64/AirFit-Swift.h -working-directory /Users/Brian/Coding\ Projects/AirFit -experimental-emit-module-separately -disable-cmo

ProcessInfoPlistFile /Users/Brian/Library/Developer/Xcode/DerivedData/AirFit-byirbnjrjkaivfbuyqrmiapiyxae/Build/Products/Debug-iphonesimulator/AirFit.app/Info.plist /Users/Brian/Coding\ Projects/AirFit/AirFit/Info.plist (in target 'AirFit' from project 'AirFit')
    cd /Users/Brian/Coding\ Projects/AirFit
    builtin-infoPlistUtility /Users/Brian/Coding\ Projects/AirFit/AirFit/Info.plist -producttype com.apple.product-type.application -genpkginfo /Users/Brian/Library/Developer/Xcode/DerivedData/AirFit-byirbnjrjkaivfbuyqrmiapiyxae/Build/Products/Debug-iphonesimulator/AirFit.app/PkgInfo -expandbuildsettings -format binary -platform iphonesimulator -additionalcontentfile /Users/Brian/Library/Developer/Xcode/DerivedData/AirFit-byirbnjrjkaivfbuyqrmiapiyxae/Build/Intermediates.noindex/AirFit.build/Debug-iphonesimulator/AirFit.build/assetcatalog_generated_info.plist -scanforprivacyfile /Users/Brian/Library/Developer/Xcode/DerivedData/AirFit-byirbnjrjkaivfbuyqrmiapiyxae/Build/Products/Debug-iphonesimulator/AirFit.app/swift-transformers_Hub.bundle -o /Users/Brian/Library/Developer/Xcode/DerivedData/AirFit-byirbnjrjkaivfbuyqrmiapiyxae/Build/Products/Debug-iphonesimulator/AirFit.app/Info.plist

SwiftCompile normal arm64 Compiling\ AppLogger.swift /Users/Brian/Coding\ Projects/AirFit/AirFit/Core/Utilities/AppLogger.swift (in target 'AirFitWatchApp' from project 'AirFit')
SwiftCompile normal arm64 /Users/Brian/Coding\ Projects/AirFit/AirFit/Core/Utilities/AppLogger.swift (in target 'AirFitWatchApp' from project 'AirFit')
    cd /Users/Brian/Coding\ Projects/AirFit
    

SwiftCompile normal arm64 Compiling\ Double+Formatting.swift /Users/Brian/Coding\ Projects/AirFit/AirFit/Core/Extensions/Double+Formatting.swift (in target 'AirFitWatchApp' from project 'AirFit')

SwiftCompile normal arm64 /Users/Brian/Coding\ Projects/AirFit/AirFit/Core/Extensions/Double+Formatting.swift (in target 'AirFitWatchApp' from project 'AirFit')
    cd /Users/Brian/Coding\ Projects/AirFit
    

SwiftCompile normal arm64 Compiling\ ActiveWorkoutView.swift /Users/Brian/Coding\ Projects/AirFit/AirFitWatchApp/Views/ActiveWorkoutView.swift (in target 'AirFitWatchApp' from project 'AirFit')
SwiftCompile normal arm64 /Users/Brian/Coding\ Projects/AirFit/AirFitWatchApp/Views/ActiveWorkoutView.swift (in target 'AirFitWatchApp' from project 'AirFit')
    cd /Users/Brian/Coding\ Projects/AirFit
    

SwiftCompile normal arm64 Compiling\ AirFitWatchApp.swift /Users/Brian/Coding\ Projects/AirFit/AirFitWatchApp/AirFitWatchApp.swift (in target 'AirFitWatchApp' from project 'AirFit')
SwiftCompile normal arm64 /Users/Brian/Coding\ Projects/AirFit/AirFitWatchApp/AirFitWatchApp.swift (in target 'AirFitWatchApp' from project 'AirFit')
    cd /Users/Brian/Coding\ Projects/AirFit
    

SwiftCompile normal arm64 Compiling\ ExerciseLoggingView.swift /Users/Brian/Coding\ Projects/AirFit/AirFitWatchApp/Views/ExerciseLoggingView.swift (in target 'AirFitWatchApp' from project 'AirFit')

SwiftCompile normal arm64 /Users/Brian/Coding\ Projects/AirFit/AirFitWatchApp/Views/ExerciseLoggingView.swift (in target 'AirFitWatchApp' from project 'AirFit')
    cd /Users/Brian/Coding\ Projects/AirFit
    

SwiftCompile normal arm64 Compiling\ WatchWorkoutManager.swift /Users/Brian/Coding\ Projects/AirFit/AirFitWatchApp/Services/WatchWorkoutManager.swift (in target 'AirFitWatchApp' from project 'AirFit')

SwiftCompile normal arm64 /Users/Brian/Coding\ Projects/AirFit/AirFitWatchApp/Services/WatchWorkoutManager.swift (in target 'AirFitWatchApp' from project 'AirFit')
    cd /Users/Brian/Coding\ Projects/AirFit
    

SwiftCompile normal arm64 Compiling\ TimeInterval+Formatting.swift /Users/Brian/Coding\ Projects/AirFit/AirFit/Core/Extensions/TimeInterval+Formatting.swift (in target 'AirFitWatchApp' from project 'AirFit')

SwiftCompile normal arm64 /Users/Brian/Coding\ Projects/AirFit/AirFit/Core/Extensions/TimeInterval+Formatting.swift (in target 'AirFitWatchApp' from project 'AirFit')
    cd /Users/Brian/Coding\ Projects/AirFit
    

SwiftCompile normal x86_64 Compiling\ AirFitWatchApp.swift /Users/Brian/Coding\ Projects/AirFit/AirFitWatchApp/AirFitWatchApp.swift (in target 'AirFitWatchApp' from project 'AirFit')

SwiftCompile normal x86_64 /Users/Brian/Coding\ Projects/AirFit/AirFitWatchApp/AirFitWatchApp.swift (in target 'AirFitWatchApp' from project 'AirFit')
    cd /Users/Brian/Coding\ Projects/AirFit
    

SwiftEmitModule normal x86_64 Emitting\ module\ for\ AirFitWatchApp (in target 'AirFitWatchApp' from project 'AirFit')

EmitSwiftModule normal x86_64 (in target 'AirFitWatchApp' from project 'AirFit')
    cd /Users/Brian/Coding\ Projects/AirFit
    

SwiftEmitModule normal arm64 Emitting\ module\ for\ AirFitWatchApp (in target 'AirFitWatchApp' from project 'AirFit')

EmitSwiftModule normal arm64 (in target 'AirFitWatchApp' from project 'AirFit')
    cd /Users/Brian/Coding\ Projects/AirFit
    

SwiftCompile normal x86_64 Compiling\ ActiveWorkoutView.swift /Users/Brian/Coding\ Projects/AirFit/AirFitWatchApp/Views/ActiveWorkoutView.swift (in target 'AirFitWatchApp' from project 'AirFit')
SwiftCompile normal x86_64 /Users/Brian/Coding\ Projects/AirFit/AirFitWatchApp/Views/ActiveWorkoutView.swift (in target 'AirFitWatchApp' from project 'AirFit')
    cd /Users/Brian/Coding\ Projects/AirFit
    

SwiftCompile normal arm64 Compiling\ WorkoutStartView.swift /Users/Brian/Coding\ Projects/AirFit/AirFitWatchApp/Views/WorkoutStartView.swift (in target 'AirFitWatchApp' from project 'AirFit')

SwiftCompile normal arm64 /Users/Brian/Coding\ Projects/AirFit/AirFitWatchApp/Views/WorkoutStartView.swift (in target 'AirFitWatchApp' from project 'AirFit')
    cd /Users/Brian/Coding\ Projects/AirFit
    

SwiftCompile normal x86_64 Compiling\ WorkoutBuilderData.swift /Users/Brian/Coding\ Projects/AirFit/AirFit/Core/Models/WorkoutBuilderData.swift (in target 'AirFitWatchApp' from project 'AirFit')

SwiftCompile normal x86_64 /Users/Brian/Coding\ Projects/AirFit/AirFit/Core/Models/WorkoutBuilderData.swift (in target 'AirFitWatchApp' from project 'AirFit')
    cd /Users/Brian/Coding\ Projects/AirFit
    

SwiftCompile normal x86_64 Compiling\ TimeInterval+Formatting.swift /Users/Brian/Coding\ Projects/AirFit/AirFit/Core/Extensions/TimeInterval+Formatting.swift (in target 'AirFitWatchApp' from project 'AirFit')

SwiftCompile normal x86_64 /Users/Brian/Coding\ Projects/AirFit/AirFit/Core/Extensions/TimeInterval+Formatting.swift (in target 'AirFitWatchApp' from project 'AirFit')
    cd /Users/Brian/Coding\ Projects/AirFit
    

SwiftCompile normal x86_64 Compiling\ Double+Formatting.swift /Users/Brian/Coding\ Projects/AirFit/AirFit/Core/Extensions/Double+Formatting.swift (in target 'AirFitWatchApp' from project 'AirFit')

SwiftCompile normal x86_64 /Users/Brian/Coding\ Projects/AirFit/AirFit/Core/Extensions/Double+Formatting.swift (in target 'AirFitWatchApp' from project 'AirFit')
    cd /Users/Brian/Coding\ Projects/AirFit
    

SwiftEmitModule normal arm64 Emitting\ module\ for\ AirFitTests (in target 'AirFitTests' from project 'AirFit')
Failed frontend command:
/Applications/Xcode.app/Contents/Developer/Toolchains/XcodeDefault.xctoolchain/usr/bin/swift-frontend -frontend -emit-module -experimental-skip-non-inlinable-function-bodies-without-types /Users/Brian/Coding\ Projects/AirFit/AirFit/AirFitTests/Modules/FoodTracking/AINutritionParsingIntegrationTests.swift /Users/Brian/Coding\ Projects/AirFit/AirFit/AirFitTests/Modules/FoodTracking/AINutritionParsingTests.swift /Users/Brian/Coding\ Projects/AirFit/AirFit/AirFitTests/Core/AppConstantsTests.swift /Users/Brian/Coding\ Projects/AirFit/AirFit/AirFitTests/Modules/Settings/BiometricAuthManagerTests.swift /Users/Brian/Coding\ Projects/AirFit/AirFit/AirFitTests/Modules/Chat/ChatCoordinatorTests.swift /Users/Brian/Coding\ Projects/AirFit/AirFit/AirFitTests/Modules/Chat/ChatSuggestionsEngineTests.swift /Users/Brian/Coding\ Projects/AirFit/AirFit/AirFitTests/Modules/Chat/ChatViewModelTests.swift /Users/Brian/Coding\ Projects/AirFit/AirFit/AirFitTests/Modules/AI/CoachEngineTests.swift /Users/Brian/Coding\ Projects/AirFit/AirFit/AirFitTests/Modules/AI/ContextAnalyzerTests.swift /Users/Brian/Coding\ Projects/AirFit/AirFit/AirFitTests/Services/Context/ContextAssemblerTests.swift /Users/Brian/Coding\ Projects/AirFit/AirFit/AirFitTests/Modules/AI/ConversationManagerPerformanceTests.swift /Users/Brian/Coding\ Projects/AirFit/AirFit/AirFitTests/Modules/AI/ConversationManagerPersistenceTests.swift /Users/Brian/Coding\ Projects/AirFit/AirFit/AirFitTests/Modules/AI/ConversationManagerTests.swift /Users/Brian/Coding\ Projects/AirFit/AirFit/AirFitTests/Modules/Onboarding/ConversationViewModelTests.swift /Users/Brian/Coding\ Projects/AirFit/AirFit/AirFitTests/Core/CoreSetupTests.swift /Users/Brian/Coding\ Projects/AirFit/AirFit/AirFitTests/Core/DI/DIContainerTests.swift /Users/Brian/Coding\ Projects/AirFit/AirFit/AirFitTests/TestUtils/DITestHelper.swift /Users/Brian/Coding\ Projects/AirFit/AirFit/AirFitTests/Modules/Dashboard/DashboardViewModelTests.swift /Users/Brian/Coding\ Projects/AirFit/AirFit/AirFitTests/Performance/DirectAIPerformanceTests.swift /Users/Brian/Coding\ Projects/AirFit/AirFit/AirFitTests/Modules/Notifications/EngagementEngineTests.swift /Users/Brian/Coding\ Projects/AirFit/AirFit/AirFitTests/Core/ExtensionsTests.swift /Users/Brian/Coding\ Projects/AirFit/AirFit/AirFitTests/Modules/FoodTracking/FoodTrackingViewModelAIIntegrationTests.swift /Users/Brian/Coding\ Projects/AirFit/AirFit/AirFitTests/Modules/FoodTracking/FoodTrackingViewModelTests.swift /Users/Brian/Coding\ Projects/AirFit/AirFit/AirFitTests/FoodTracking/FoodVoiceAdapterTests.swift /Users/Brian/Coding\ Projects/AirFit/AirFit/AirFitTests/Core/FormattersTests.swift /Users/Brian/Coding\ Projects/AirFit/AirFit/AirFitTests/Modules/AI/FunctionCallDispatcherTests.swift /Users/Brian/Coding\ Projects/AirFit/AirFit/AirFitTests/Services/GeminiProviderTests.swift /Users/Brian/Coding\ Projects/AirFit/AirFit/AirFitTests/Services/Health/HealthKitManagerTests.swift /Users/Brian/Coding\ Projects/AirFit/AirFit/AirFitTests/Core/KeychainWrapperTests.swift /Users/Brian/Coding\ Projects/AirFit/AirFit/AirFitTests/Modules/AI/LocalCommandParserTests.swift /Users/Brian/Coding\ Projects/AirFit/AirFit/AirFitTests/Modules/AI/MessageClassificationTests.swift /Users/Brian/Coding\ Projects/AirFit/AirFit/AirFitTests/Mocks/MockAIAPIService.swift /Users/Brian/Coding\ Projects/AirFit/AirFit/AirFitTests/Mocks/MockAIAnalyticsService.swift /Users/Brian/Coding\ Projects/AirFit/AirFit/AirFitTests/Mocks/MockAICoachService.swift /Users/Brian/Coding\ Projects/AirFit/AirFit/AirFitTests/Mocks/MockAIGoalService.swift /Users/Brian/Coding\ Projects/AirFit/AirFit/AirFitTests/Mocks/MockAIPerformanceAnalytics.swift /Users/Brian/Coding\ Projects/AirFit/AirFit/AirFitTests/Mocks/MockAIService.swift /Users/Brian/Coding\ Projects/AirFit/AirFit/AirFitTests/Mocks/MockAIWorkoutService.swift /Users/Brian/Coding\ Projects/AirFit/AirFit/AirFitTests/Mocks/MockAPIKeyManager.swift /Users/Brian/Coding\ Projects/AirFit/AirFit/AirFitTests/Mocks/MockAVAudioRecorder.swift /Users/Brian/Coding\ Projects/AirFit/AirFit/AirFitTests/Mocks/MockAVAudioSession.swift /Users/Brian/Coding\ Projects/AirFit/AirFit/AirFitTests/Mocks/MockAnalyticsService.swift /Users/Brian/Coding\ Projects/AirFit/AirFit/AirFitTests/Mocks/MockCoachEngine.swift /Users/Brian/Coding\ Projects/AirFit/AirFit/AirFitTests/Mocks/MockConversationAnalytics.swift /Users/Brian/Coding\ Projects/AirFit/AirFit/AirFitTests/Mocks/MockConversationFlowManager.swift /Users/Brian/Coding\ Projects/AirFit/AirFit/AirFitTests/Mocks/MockConversationPersistence.swift /Users/Brian/Coding\ Projects/AirFit/AirFit/AirFitTests/Mocks/MockDashboardNutritionService.swift /Users/Brian/Coding\ Projects/AirFit/AirFit/AirFitTests/Mocks/MockFoodTrackingCoordinator.swift /Users/Brian/Coding\ Projects/AirFit/AirFit/AirFitTests/Mocks/MockFoodVoiceAdapter.swift /Users/Brian/Coding\ Projects/AirFit/AirFit/AirFitTests/Mocks/MockFoodVoiceService.swift /Users/Brian/Coding\ Projects/AirFit/AirFit/AirFitTests/Mocks/MockGoalService.swift /Users/Brian/Coding\ Projects/AirFit/AirFit/AirFitTests/Mocks/MockHealthKitManager.swift /Users/Brian/Coding\ Projects/AirFit/AirFit/AirFitTests/Mocks/MockHealthKitPrefillProvider.swift /Users/Brian/Coding\ Projects/AirFit/AirFit/AirFitTests/Mocks/MockHealthKitService.swift /Users/Brian/Coding\ Projects/AirFit/AirFit/AirFitTests/Mocks/MockLLMOrchestrator.swift /Users/Brian/Coding\ Projects/AirFit/AirFit/AirFitTests/Mocks/MockLLMProvider.swift /Users/Brian/Coding\ Projects/AirFit/AirFit/AirFitTests/Mocks/MockNetworkClient.swift /Users/Brian/Coding\ Projects/AirFit/AirFit/AirFitTests/Mocks/MockNetworkManager.swift /Users/Brian/Coding\ Projects/AirFit/AirFit/AirFitTests/Mocks/MockNotificationManager.swift /Users/Brian/Coding\ Projects/AirFit/AirFit/AirFitTests/Mocks/MockNutritionService.swift /Users/Brian/Coding\ Projects/AirFit/AirFit/AirFitTests/Mocks/MockOnboardingService.swift /Users/Brian/Coding\ Projects/AirFit/AirFit/AirFitTests/Mocks/Base/MockProtocol.swift /Users/Brian/Coding\ Projects/AirFit/AirFit/AirFitTests/Mocks/MockService.swift /Users/Brian/Coding\ Projects/AirFit/AirFit/AirFitTests/Services/MockServicesTests.swift /Users/Brian/Coding\ Projects/AirFit/AirFit/AirFitTests/Mocks/MockUserService.swift /Users/Brian/Coding\ Projects/AirFit/AirFit/AirFitTests/Mocks/MockViewModel.swift /Users/Brian/Coding\ Projects/AirFit/AirFit/AirFitTests/Mocks/MockVoiceInputManager.swift /Users/Brian/Coding\ Projects/AirFit/AirFit/AirFitTests/Mocks/MockWeatherService.swift /Users/Brian/Coding\ Projects/AirFit/AirFit/AirFitTests/Mocks/MockWhisperKit.swift /Users/Brian/Coding\ Projects/AirFit/AirFit/AirFitTests/Mocks/MockWhisperModelManager.swift /Users/Brian/Coding\ Projects/AirFit/AirFit/AirFitTests/Mocks/MockWhisperServiceWrapper.swift /Users/Brian/Coding\ Projects/AirFit/AirFit/AirFitTests/Mocks/MockWorkoutService.swift /Users/Brian/Coding\ Projects/AirFit/AirFit/AirFitTests/Services/NetworkManagerTests.swift /Users/Brian/Coding\ Projects/AirFit/AirFit/AirFitTests/Modules/Notifications/NotificationManagerTests.swift /Users/Brian/Coding\ Projects/AirFit/AirFit/AirFitTests/Modules/FoodTracking/NutritionParsingExtensiveTests.swift /Users/Brian/Coding\ Projects/AirFit/AirFit/AirFitTests/Integration/NutritionParsingIntegrationTests.swift /Users/Brian/Coding\ Projects/AirFit/AirFit/AirFitTests/Performance/NutritionParsingPerformanceTests.swift /Users/Brian/Coding\ Projects/AirFit/AirFit/AirFitTests/Performance/NutritionParsingRegressionTests.swift /Users/Brian/Coding\ Projects/AirFit/AirFit/AirFitTests/Integration/OnboardingErrorRecoveryTests.swift /Users/Brian/Coding\ Projects/AirFit/AirFit/AirFitTests/Integration/OnboardingFlowTests.swift /Users/Brian/Coding\ Projects/AirFit/AirFit/AirFitTests/Modules/Onboarding/OnboardingFlowViewTests.swift /Users/Brian/Coding\ Projects/AirFit/AirFit/AirFitTests/Modules/Onboarding/OnboardingIntegrationTests.swift /Users/Brian/Coding\ Projects/AirFit/AirFit/AirFitTests/Modules/Onboarding/OnboardingModelsTests.swift /Users/Brian/Coding\ Projects/AirFit/AirFit/AirFitTests/Performance/OnboardingPerformanceTests.swift /Users/Brian/Coding\ Projects/AirFit/AirFit/AirFitTests/Modules/Onboarding/OnboardingServiceTests.swift /Users/Brian/Coding\ Projects/AirFit/AirFit/AirFitTests/Modules/Onboarding/OnboardingViewModelTests.swift /Users/Brian/Coding\ Projects/AirFit/AirFit/AirFitTests/Modules/Onboarding/OnboardingViewTests.swift /Users/Brian/Coding\ Projects/AirFit/AirFit/AirFitTests/Integration/PersonaGenerationTests.swift /Users/Brian/Coding\ Projects/AirFit/AirFit/AirFitTests/Integration/PersonaSystemIntegrationTests.swift /Users/Brian/Coding\ Projects/AirFit/AirFit/AirFitTests/Modules/AI/Phase2ValidationTests.swift /Users/Brian/Coding\ Projects/AirFit/AirFit/AirFitTests/Services/ServiceIntegrationTests.swift /Users/Brian/Coding\ Projects/AirFit/AirFit/AirFitTests/Services/ServicePerformanceTests.swift /Users/Brian/Coding\ Projects/AirFit/AirFit/AirFitTests/Services/ServiceProtocolsTests.swift /Users/Brian/Coding\ Projects/AirFit/AirFit/AirFitTests/Modules/Settings/SettingsModelsTests.swift /Users/Brian/Coding\ Projects/AirFit/AirFit/AirFitTests/Modules/Settings/SettingsViewModelTests.swift /Users/Brian/Coding\ Projects/AirFit/AirFit/AirFitTests/Services/TestHelpers.swift /Users/Brian/Coding\ Projects/AirFit/AirFit/AirFitTests/Mocks/TestableVoiceInputManager.swift /Users/Brian/Coding\ Projects/AirFit/AirFit/AirFitTests/Data/UserModelTests.swift /Users/Brian/Coding\ Projects/AirFit/AirFit/AirFitTests/Core/ValidatorsTests.swift /Users/Brian/Coding\ Projects/AirFit/AirFit/AirFitTests/Core/VoiceInputManagerTests.swift /Users/Brian/Coding\ Projects/AirFit/AirFit/AirFitTests/Mocks/VoicePerformanceMetrics.swift /Users/Brian/Coding\ Projects/AirFit/AirFit/AirFitTests/Services/WeatherServiceTests.swift /Users/Brian/Coding\ Projects/AirFit/AirFit/AirFitTests/Modules/Workouts/WorkoutCoordinatorTests.swift /Users/Brian/Coding\ Projects/AirFit/AirFit/AirFitTests/Services/WorkoutSyncServiceTests.swift /Users/Brian/Coding\ Projects/AirFit/AirFit/AirFitTests/Modules/Workouts/WorkoutViewModelTests.swift -target arm64-apple-ios18.0-simulator -Xllvm -aarch64-use-tbi -enable-objc-interop -sdk /Applications/Xcode.app/Contents/Developer/Platforms/iPhoneSimulator.platform/Developer/SDKs/iPhoneSimulator18.5.sdk -I /Users/Brian/Library/Developer/Xcode/DerivedData/AirFit-byirbnjrjkaivfbuyqrmiapiyxae/Build/Products/Debug-iphonesimulator -I /Applications/Xcode.app/Contents/Developer/Platforms/iPhoneSimulator.platform/Developer/usr/lib -F /Users/Brian/Library/Developer/Xcode/DerivedData/AirFit-byirbnjrjkaivfbuyqrmiapiyxae/Build/Products/Debug-iphonesimulator/PackageFrameworks -F /Users/Brian/Library/Developer/Xcode/DerivedData/AirFit-byirbnjrjkaivfbuyqrmiapiyxae/Build/Products/Debug-iphonesimulator/PackageFrameworks -F /Users/Brian/Library/Developer/Xcode/DerivedData/AirFit-byirbnjrjkaivfbuyqrmiapiyxae/Build/Products/Debug-iphonesimulator/PackageFrameworks -F /Users/Brian/Library/Developer/Xcode/DerivedData/AirFit-byirbnjrjkaivfbuyqrmiapiyxae/Build/Products/Debug-iphonesimulator/PackageFrameworks -F /Users/Brian/Library/Developer/Xcode/DerivedData/AirFit-byirbnjrjkaivfbuyqrmiapiyxae/Build/Products/Debug-iphonesimulator/PackageFrameworks -F /Users/Brian/Library/Developer/Xcode/DerivedData/AirFit-byirbnjrjkaivfbuyqrmiapiyxae/Build/Products/Debug-iphonesimulator/PackageFrameworks -F /Users/Brian/Library/Developer/Xcode/DerivedData/AirFit-byirbnjrjkaivfbuyqrmiapiyxae/Build/Products/Debug-iphonesimulator/PackageFrameworks -F /Users/Brian/Library/Developer/Xcode/DerivedData/AirFit-byirbnjrjkaivfbuyqrmiapiyxae/Build/Products/Debug-iphonesimulator/PackageFrameworks -F /Users/Brian/Library/Developer/Xcode/DerivedData/AirFit-byirbnjrjkaivfbuyqrmiapiyxae/Build/Products/Debug-iphonesimulator/PackageFrameworks -F /Users/Brian/Library/Developer/Xcode/DerivedData/AirFit-byirbnjrjkaivfbuyqrmiapiyxae/Build/Products/Debug-iphonesimulator -F /Applications/Xcode.app/Contents/Developer/Platforms/iPhoneSimulator.platform/Developer/Library/Frameworks -F /Applications/Xcode.app/Contents/Developer/Platforms/iPhoneSimulator.platform/Developer/SDKs/iPhoneSimulator18.5.sdk/Developer/Library/Frameworks -no-color-diagnostics -enable-testing -g -debug-info-format\=dwarf -dwarf-version\=5 -module-cache-path /Users/Brian/Library/Developer/Xcode/DerivedData/ModuleCache.noindex -swift-version 6 -enforce-exclusivity\=checked -Onone -D DEBUG -serialize-debugging-options -const-gather-protocols-file /Users/Brian/Library/Developer/Xcode/DerivedData/AirFit-byirbnjrjkaivfbuyqrmiapiyxae/Build/Intermediates.noindex/AirFit.build/Debug-iphonesimulator/AirFitTests.build/Objects-normal/arm64/AirFitTests_const_extract_protocols.json -enable-experimental-feature DebugDescriptionMacro -empty-abi-descriptor -plugin-path /Applications/Xcode.app/Contents/Developer/Toolchains/XcodeDefault.xctoolchain/usr/lib/swift/host/plugins/testing -validate-clang-modules-once -clang-build-session-file /Users/Brian/Library/Developer/Xcode/DerivedData/ModuleCache.noindex/Session.modulevalidation -Xcc -working-directory -Xcc /Users/Brian/Coding\ Projects/AirFit -resource-dir /Applications/Xcode.app/Contents/Developer/Toolchains/XcodeDefault.xctoolchain/usr/lib/swift -enable-anonymous-context-mangled-names -file-compilation-dir /Users/Brian/Coding\ Projects/AirFit -Xcc -ivfsstatcache -Xcc /Users/Brian/Library/Developer/Xcode/DerivedData/SDKStatCaches.noindex/iphonesimulator18.5-22F76-d5fc8ad4295d2ef488fb7d0f804ce0c4.sdkstatcache -Xcc -I/Users/Brian/Library/Developer/Xcode/DerivedData/AirFit-byirbnjrjkaivfbuyqrmiapiyxae/Build/Intermediates.noindex/AirFit.build/Debug-iphonesimulator/AirFitTests.build/swift-overrides.hmap -Xcc -iquote -Xcc /Users/Brian/Library/Developer/Xcode/DerivedData/AirFit-byirbnjrjkaivfbuyqrmiapiyxae/Build/Intermediates.noindex/AirFit.build/Debug-iphonesimulator/AirFitTests.build/AirFitTests-generated-files.hmap -Xcc -I/Users/Brian/Library/Developer/Xcode/DerivedData/AirFit-byirbnjrjkaivfbuyqrmiapiyxae/Build/Intermediates.noindex/AirFit.build/Debug-iphonesimulator/AirFitTests.build/AirFitTests-own-target-headers.hmap -Xcc -I/Users/Brian/Library/Developer/Xcode/DerivedData/AirFit-byirbnjrjkaivfbuyqrmiapiyxae/Build/Intermediates.noindex/AirFit.build/Debug-iphonesimulator/AirFitTests.build/AirFitTests-all-non-framework-target-headers.hmap -Xcc -ivfsoverlay -Xcc /Users/Brian/Library/Developer/Xcode/DerivedData/AirFit-byirbnjrjkaivfbuyqrmiapiyxae/Build/Intermediates.noindex/AirFit.build/Debug-iphonesimulator/AirFit-ebd97daffa3a1e236f047a59eef70a3a-VFS-iphonesimulator/all-product-headers.yaml -Xcc -iquote -Xcc /Users/Brian/Library/Developer/Xcode/DerivedData/AirFit-byirbnjrjkaivfbuyqrmiapiyxae/Build/Intermediates.noindex/AirFit.build/Debug-iphonesimulator/AirFitTests.build/AirFitTests-project-headers.hmap -Xcc -I/Users/Brian/Library/Developer/Xcode/DerivedData/AirFit-byirbnjrjkaivfbuyqrmiapiyxae/Build/Products/Debug-iphonesimulator/include -Xcc -I/Users/Brian/Library/Developer/Xcode/DerivedData/AirFit-byirbnjrjkaivfbuyqrmiapiyxae/Build/Intermediates.noindex/AirFit.build/Debug-iphonesimulator/AirFitTests.build/DerivedSources-normal/arm64 -Xcc -I/Users/Brian/Library/Developer/Xcode/DerivedData/AirFit-byirbnjrjkaivfbuyqrmiapiyxae/Build/Intermediates.noindex/AirFit.build/Debug-iphonesimulator/AirFitTests.build/DerivedSources/arm64 -Xcc -I/Users/Brian/Library/Developer/Xcode/DerivedData/AirFit-byirbnjrjkaivfbuyqrmiapiyxae/Build/Intermediates.noindex/AirFit.build/Debug-iphonesimulator/AirFitTests.build/DerivedSources -Xcc -DDEBUG\=1 -module-name AirFitTests -frontend-parseable-output -disable-clang-spi -target-sdk-version 18.5 -target-sdk-name iphonesimulator18.5 -external-plugin-path /Applications/Xcode.app/Contents/Developer/Platforms/iPhoneOS.platform/Developer/usr/lib/swift/host/plugins\#/Applications/Xcode.app/Contents/Developer/Platforms/iPhoneOS.platform/Developer/usr/bin/swift-plugin-server -external-plugin-path /Applications/Xcode.app/Contents/Developer/Platforms/iPhoneOS.platform/Developer/usr/local/lib/swift/host/plugins\#/Applications/Xcode.app/Contents/Developer/Platforms/iPhoneOS.platform/Developer/usr/bin/swift-plugin-server -in-process-plugin-server-path /Applications/Xcode.app/Contents/Developer/Toolchains/XcodeDefault.xctoolchain/usr/lib/swift/host/libSwiftInProcPluginServer.dylib -plugin-path /Applications/Xcode.app/Contents/Developer/Toolchains/XcodeDefault.xctoolchain/usr/lib/swift/host/plugins -plugin-path /Applications/Xcode.app/Contents/Developer/Toolchains/XcodeDefault.xctoolchain/usr/local/lib/swift/host/plugins -emit-module-doc-path /Users/Brian/Library/Developer/Xcode/DerivedData/AirFit-byirbnjrjkaivfbuyqrmiapiyxae/Build/Intermediates.noindex/AirFit.build/Debug-iphonesimulator/AirFitTests.build/Objects-normal/arm64/AirFitTests.swiftdoc -emit-module-source-info-path /Users/Brian/Library/Developer/Xcode/DerivedData/AirFit-byirbnjrjkaivfbuyqrmiapiyxae/Build/Intermediates.noindex/AirFit.build/Debug-iphonesimulator/AirFitTests.build/Objects-normal/arm64/AirFitTests.swiftsourceinfo -emit-objc-header-path /Users/Brian/Library/Developer/Xcode/DerivedData/AirFit-byirbnjrjkaivfbuyqrmiapiyxae/Build/Intermediates.noindex/AirFit.build/Debug-iphonesimulator/AirFitTests.build/Objects-normal/arm64/AirFitTests-Swift.h -serialize-diagnostics-path /Users/Brian/Library/Developer/Xcode/DerivedData/AirFit-byirbnjrjkaivfbuyqrmiapiyxae/Build/Intermediates.noindex/AirFit.build/Debug-iphonesimulator/AirFitTests.build/Objects-normal/arm64/AirFitTests-master-emit-module.dia -emit-dependencies-path /Users/Brian/Library/Developer/Xcode/DerivedData/AirFit-byirbnjrjkaivfbuyqrmiapiyxae/Build/Intermediates.noindex/AirFit.build/Debug-iphonesimulator/AirFitTests.build/Objects-normal/arm64/AirFitTests-master-emit-module.d -o /Users/Brian/Library/Developer/Xcode/DerivedData/AirFit-byirbnjrjkaivfbuyqrmiapiyxae/Build/Intermediates.noindex/AirFit.build/Debug-iphonesimulator/AirFitTests.build/Objects-normal/arm64/AirFitTests.swiftmodule -emit-abi-descriptor-path /Users/Brian/Library/Developer/Xcode/DerivedData/AirFit-byirbnjrjkaivfbuyqrmiapiyxae/Build/Intermediates.noindex/AirFit.build/Debug-iphonesimulator/AirFitTests.build/Objects-normal/arm64/AirFitTests.abi.json

EmitSwiftModule normal arm64 (in target 'AirFitTests' from project 'AirFit')
    cd /Users/Brian/Coding\ Projects/AirFit
    
/Users/Brian/Coding Projects/AirFit/AirFit/AirFitTests/Modules/Onboarding/ConversationViewModelTests.swift:265:1: warning: extension declares a conformance of imported type 'ResponseValue' to imported protocol 'Equatable'; this will not behave correctly if the owners of 'AirFit' introduce this conformance in the future
extension ResponseValue: Equatable {
^
/Users/Brian/Coding Projects/AirFit/AirFit/AirFitTests/Modules/Onboarding/ConversationViewModelTests.swift:265:1: note: add '@retroactive' to silence this warning
extension ResponseValue: Equatable {
^                        ~~~~~~~~~
                         @retroactive Equatable
/Users/Brian/Coding Projects/AirFit/AirFit/AirFitTests/Modules/Dashboard/DashboardViewModelTests.swift:160:89: warning: cast from 'HealthKitService' to unrelated type 'MockHealthKitService' always fails
        let mockHealthKitService = try await diContainer.resolve(HealthKitService.self) as! MockHealthKitService
                                             ~~~~~~~~~~~~~~~~~~~~~~~~~~~~~~~~~~~~~~~~~~ ^   ~~~~~~~~~~~~~~~~~~~~
/Users/Brian/Coding Projects/AirFit/AirFit/AirFitTests/Modules/Dashboard/DashboardViewModelTests.swift:161:98: warning: cast from 'DashboardNutritionService' to unrelated type 'MockDashboardNutritionService' always fails
        let mockNutritionService = try await diContainer.resolve(DashboardNutritionService.self) as! MockDashboardNutritionService
                                             ~~~~~~~~~~~~~~~~~~~~~~~~~~~~~~~~~~~~~~~~~~~~~~~~~~~ ^   ~~~~~~~~~~~~~~~~~~~~~~~~~~~~~
/Users/Brian/Coding Projects/AirFit/AirFit/AirFitTests/Modules/Dashboard/DashboardViewModelTests.swift:310:98: warning: cast from 'DashboardNutritionService' to unrelated type 'MockDashboardNutritionService' always fails
        let mockNutritionService = try await diContainer.resolve(DashboardNutritionService.self) as! MockDashboardNutritionService
                                             ~~~~~~~~~~~~~~~~~~~~~~~~~~~~~~~~~~~~~~~~~~~~~~~~~~~ ^   ~~~~~~~~~~~~~~~~~~~~~~~~~~~~~
/Users/Brian/Coding Projects/AirFit/AirFit/AirFitTests/Modules/FoodTracking/FoodTrackingViewModelTests.swift:31:31: error: 'MockFoodVoiceAdapter' is ambiguous for type lookup in this context
    var mockFoodVoiceAdapter: MockFoodVoiceAdapter!
                              ^~~~~~~~~~~~~~~~~~~~
/Users/Brian/Coding Projects/AirFit/AirFit/AirFitTests/Mocks/MockFoodVoiceAdapter.swift:12:13: note: found this candidate
final class MockFoodVoiceAdapter: FoodVoiceAdapterProtocol, @preconcurrency MockProtocol {
            ^
/Users/Brian/Coding Projects/AirFit/AirFit/AirFitTests/Integration/NutritionParsingIntegrationTests.swift:364:13: note: found this candidate
final class MockFoodVoiceAdapter: FoodVoiceAdapterProtocol, @unchecked Sendable {
            ^
/Users/Brian/Coding Projects/AirFit/AirFit/AirFitTests/Performance/NutritionParsingRegressionTests.swift:470:13: note: found this candidate
final class MockFoodVoiceAdapter: FoodVoiceAdapterProtocol, @unchecked Sendable {
            ^
/Users/Brian/Coding Projects/AirFit/AirFit/AirFitTests/Mocks/MockFoodVoiceAdapter.swift:12:13: error: invalid redeclaration of 'MockFoodVoiceAdapter'
final class MockFoodVoiceAdapter: FoodVoiceAdapterProtocol, @preconcurrency MockProtocol {
            ^
/Users/Brian/Coding Projects/AirFit/AirFit/AirFitTests/Integration/NutritionParsingIntegrationTests.swift:364:13: note: 'MockFoodVoiceAdapter' previously declared here
final class MockFoodVoiceAdapter: FoodVoiceAdapterProtocol, @unchecked Sendable {
            ^
/Users/Brian/Coding Projects/AirFit/AirFit/AirFitTests/Integration/NutritionParsingIntegrationTests.swift:364:13: note: 'MockFoodVoiceAdapter' previously declared here
final class MockFoodVoiceAdapter: FoodVoiceAdapterProtocol, @unchecked Sendable {
            ^
/Users/Brian/Coding Projects/AirFit/AirFit/AirFitTests/Integration/NutritionParsingIntegrationTests.swift:27:35: error: 'MockFoodVoiceAdapter' is ambiguous for type lookup in this context
    private var mockVoiceAdapter: MockFoodVoiceAdapter!
                                  ^~~~~~~~~~~~~~~~~~~~
/Users/Brian/Coding Projects/AirFit/AirFit/AirFitTests/Mocks/MockFoodVoiceAdapter.swift:12:13: note: found this candidate
final class MockFoodVoiceAdapter: FoodVoiceAdapterProtocol, @preconcurrency MockProtocol {
            ^
/Users/Brian/Coding Projects/AirFit/AirFit/AirFitTests/Integration/NutritionParsingIntegrationTests.swift:364:13: note: found this candidate
final class MockFoodVoiceAdapter: FoodVoiceAdapterProtocol, @unchecked Sendable {
            ^
/Users/Brian/Coding Projects/AirFit/AirFit/AirFitTests/Performance/NutritionParsingRegressionTests.swift:470:13: note: found this candidate
final class MockFoodVoiceAdapter: FoodVoiceAdapterProtocol, @unchecked Sendable {
            ^
/Users/Brian/Coding Projects/AirFit/AirFit/AirFitTests/Integration/NutritionParsingIntegrationTests.swift:364:13: error: type 'MockFoodVoiceAdapter' does not conform to protocol 'FoodVoiceAdapterProtocol'
final class MockFoodVoiceAdapter: FoodVoiceAdapterProtocol, @unchecked Sendable {
            ^
/Users/Brian/Coding Projects/AirFit/AirFit/AirFitTests/Integration/NutritionParsingIntegrationTests.swift:382:10: note: candidate has non-matching type '() async -> Bool'
    func startRecording() async -> Bool {
         ^
/Users/Brian/Coding Projects/AirFit/AirFit/AirFitTests/Integration/NutritionParsingIntegrationTests.swift:391:10: note: candidate has non-matching type '() async -> ()'
    func stopRecording() async {
         ^
/Users/Brian/Coding Projects/AirFit/AirFit/AirFitTests/Integration/NutritionParsingIntegrationTests.swift:364:13: note: add stubs for conformance
final class MockFoodVoiceAdapter: FoodVoiceAdapterProtocol, @unchecked Sendable {
            ^
/Users/Brian/Coding Projects/AirFit/AirFit/Core/Protocols/FoodVoiceAdapterProtocol.swift:12:9: note: protocol requires property 'transcribedText' with type 'String'
    var transcribedText: String { get }
        ^
/Users/Brian/Coding Projects/AirFit/AirFit/Core/Protocols/FoodVoiceAdapterProtocol.swift:13:9: note: protocol requires property 'voiceWaveform' with type '[Float]'
    var voiceWaveform: [Float] { get }
        ^
/Users/Brian/Coding Projects/AirFit/AirFit/Core/Protocols/FoodVoiceAdapterProtocol.swift:19:10: note: protocol requires function 'startRecording()' with type '() async throws -> ()'
    func startRecording() async throws
         ^
/Users/Brian/Coding Projects/AirFit/AirFit/Core/Protocols/FoodVoiceAdapterProtocol.swift:22:10: note: protocol requires function 'stopRecording()' with type '() async -> String?'
    func stopRecording() async -> String?
         ^
/Users/Brian/Coding Projects/AirFit/AirFit/AirFitTests/Integration/NutritionParsingIntegrationTests.swift:364:13: error: invalid redeclaration of 'MockFoodVoiceAdapter'
final class MockFoodVoiceAdapter: FoodVoiceAdapterProtocol, @unchecked Sendable {
            ^
/Users/Brian/Coding Projects/AirFit/AirFit/AirFitTests/Performance/NutritionParsingRegressionTests.swift:470:13: note: 'MockFoodVoiceAdapter' previously declared here
final class MockFoodVoiceAdapter: FoodVoiceAdapterProtocol, @unchecked Sendable {
            ^
/Users/Brian/Coding Projects/AirFit/AirFit/AirFitTests/Performance/NutritionParsingRegressionTests.swift:470:13: note: 'MockFoodVoiceAdapter' previously declared here
final class MockFoodVoiceAdapter: FoodVoiceAdapterProtocol, @unchecked Sendable {
            ^
/Users/Brian/Coding Projects/AirFit/AirFit/AirFitTests/Performance/NutritionParsingRegressionTests.swift:19:39: error: 'MockFoodVoiceAdapter' is ambiguous for type lookup in this context
    private var mockFoodVoiceAdapter: MockFoodVoiceAdapter!
                                      ^~~~~~~~~~~~~~~~~~~~
/Users/Brian/Coding Projects/AirFit/AirFit/AirFitTests/Mocks/MockFoodVoiceAdapter.swift:12:13: note: found this candidate
final class MockFoodVoiceAdapter: FoodVoiceAdapterProtocol, @preconcurrency MockProtocol {
            ^
/Users/Brian/Coding Projects/AirFit/AirFit/AirFitTests/Integration/NutritionParsingIntegrationTests.swift:364:13: note: found this candidate
final class MockFoodVoiceAdapter: FoodVoiceAdapterProtocol, @unchecked Sendable {
            ^
/Users/Brian/Coding Projects/AirFit/AirFit/AirFitTests/Performance/NutritionParsingRegressionTests.swift:470:13: note: found this candidate
final class MockFoodVoiceAdapter: FoodVoiceAdapterProtocol, @unchecked Sendable {
            ^
/Users/Brian/Coding Projects/AirFit/AirFit/AirFitTests/Performance/NutritionParsingRegressionTests.swift:470:13: error: type 'MockFoodVoiceAdapter' does not conform to protocol 'FoodVoiceAdapterProtocol'
final class MockFoodVoiceAdapter: FoodVoiceAdapterProtocol, @unchecked Sendable {
            ^
/Users/Brian/Coding Projects/AirFit/AirFit/AirFitTests/Performance/NutritionParsingRegressionTests.swift:488:10: note: candidate has non-matching type '() async -> Bool'
    func startRecording() async -> Bool {
         ^
/Users/Brian/Coding Projects/AirFit/AirFit/AirFitTests/Performance/NutritionParsingRegressionTests.swift:497:10: note: candidate has non-matching type '() async -> ()'
    func stopRecording() async {
         ^
/Users/Brian/Coding Projects/AirFit/AirFit/AirFitTests/Performance/NutritionParsingRegressionTests.swift:470:13: note: add stubs for conformance
final class MockFoodVoiceAdapter: FoodVoiceAdapterProtocol, @unchecked Sendable {
            ^
/Users/Brian/Coding Projects/AirFit/AirFit/Core/Protocols/FoodVoiceAdapterProtocol.swift:12:9: note: protocol requires property 'transcribedText' with type 'String'
    var transcribedText: String { get }
        ^
/Users/Brian/Coding Projects/AirFit/AirFit/Core/Protocols/FoodVoiceAdapterProtocol.swift:13:9: note: protocol requires property 'voiceWaveform' with type '[Float]'
    var voiceWaveform: [Float] { get }
        ^
/Users/Brian/Coding Projects/AirFit/AirFit/Core/Protocols/FoodVoiceAdapterProtocol.swift:19:10: note: protocol requires function 'startRecording()' with type '() async throws -> ()'
    func startRecording() async throws
         ^
/Users/Brian/Coding Projects/AirFit/AirFit/Core/Protocols/FoodVoiceAdapterProtocol.swift:22:10: note: protocol requires function 'stopRecording()' with type '() async -> String?'
    func stopRecording() async -> String?
         ^
/Users/Brian/Coding Projects/AirFit/AirFit/AirFitTests/Performance/NutritionParsingRegressionTests.swift:567:14: error: invalid redeclaration of 'MockError'
private enum MockError: Error, Equatable {
             ^
/Users/Brian/Coding Projects/AirFit/AirFit/AirFitTests/Mocks/MockFoodVoiceAdapter.swift:5:6: note: 'MockError' previously declared here
enum MockError: Error {
     ^
/Users/Brian/Coding Projects/AirFit/AirFit/AirFitTests/Mocks/MockFoodVoiceAdapter.swift:5:6: note: 'MockError' previously declared here
enum MockError: Error {
     ^
/Users/Brian/Coding Projects/AirFit/AirFit/AirFitTests/Services/ServiceIntegrationTests.swift:11:26: warning: 'ServiceRegistry' is deprecated: Use DIContainer instead of ServiceRegistry
    var serviceRegistry: ServiceRegistry!
                         ^

SwiftCompile normal x86_64 Compiling\ WatchWorkoutManager.swift /Users/Brian/Coding\ Projects/AirFit/AirFitWatchApp/Services/WatchWorkoutManager.swift (in target 'AirFitWatchApp' from project 'AirFit')

SwiftCompile normal x86_64 /Users/Brian/Coding\ Projects/AirFit/AirFitWatchApp/Services/WatchWorkoutManager.swift (in target 'AirFitWatchApp' from project 'AirFit')
    cd /Users/Brian/Coding\ Projects/AirFit
    

SwiftCompile normal arm64 Compiling\ WorkoutBuilderData.swift /Users/Brian/Coding\ Projects/AirFit/AirFit/Core/Models/WorkoutBuilderData.swift (in target 'AirFitWatchApp' from project 'AirFit')

SwiftCompile normal arm64 /Users/Brian/Coding\ Projects/AirFit/AirFit/Core/Models/WorkoutBuilderData.swift (in target 'AirFitWatchApp' from project 'AirFit')
    cd /Users/Brian/Coding\ Projects/AirFit
    

SwiftEmitModule normal arm64 Emitting\ module\ for\ AirFit (in target 'AirFit' from project 'AirFit')

EmitSwiftModule normal arm64 (in target 'AirFit' from project 'AirFit')
    cd /Users/Brian/Coding\ Projects/AirFit
    

SwiftDriverJobDiscovery normal x86_64 Compiling Double+Formatting.swift (in target 'AirFitWatchApp' from project 'AirFit')

SwiftCompile normal x86_64 Compiling\ WorkoutStartView.swift /Users/Brian/Coding\ Projects/AirFit/AirFitWatchApp/Views/WorkoutStartView.swift (in target 'AirFitWatchApp' from project 'AirFit')

SwiftCompile normal x86_64 /Users/Brian/Coding\ Projects/AirFit/AirFitWatchApp/Views/WorkoutStartView.swift (in target 'AirFitWatchApp' from project 'AirFit')
    cd /Users/Brian/Coding\ Projects/AirFit
    

SwiftDriverJobDiscovery normal x86_64 Compiling TimeInterval+Formatting.swift (in target 'AirFitWatchApp' from project 'AirFit')

SwiftCompile normal x86_64 Compiling\ AppLogger.swift /Users/Brian/Coding\ Projects/AirFit/AirFit/Core/Utilities/AppLogger.swift (in target 'AirFitWatchApp' from project 'AirFit')

SwiftCompile normal x86_64 /Users/Brian/Coding\ Projects/AirFit/AirFit/Core/Utilities/AppLogger.swift (in target 'AirFitWatchApp' from project 'AirFit')
    cd /Users/Brian/Coding\ Projects/AirFit
    

SwiftDriverJobDiscovery normal arm64 Compiling Double+Formatting.swift (in target 'AirFitWatchApp' from project 'AirFit')

SwiftCompile normal x86_64 Compiling\ ExerciseLoggingView.swift /Users/Brian/Coding\ Projects/AirFit/AirFitWatchApp/Views/ExerciseLoggingView.swift (in target 'AirFitWatchApp' from project 'AirFit')

SwiftCompile normal x86_64 /Users/Brian/Coding\ Projects/AirFit/AirFitWatchApp/Views/ExerciseLoggingView.swift (in target 'AirFitWatchApp' from project 'AirFit')
    cd /Users/Brian/Coding\ Projects/AirFit
    

SwiftDriverJobDiscovery normal arm64 Compiling TimeInterval+Formatting.swift (in target 'AirFitWatchApp' from project 'AirFit')

SwiftDriver\ Compilation AirFitUITests normal arm64 com.apple.xcode.tools.swift.compiler (in target 'AirFitUITests' from project 'AirFit')
    cd /Users/Brian/Coding\ Projects/AirFit
    builtin-Swift-Compilation -- /Applications/Xcode.app/Contents/Developer/Toolchains/XcodeDefault.xctoolchain/usr/bin/swiftc -module-name AirFitUITests -Onone -enforce-exclusivity\=checked @/Users/Brian/Library/Developer/Xcode/DerivedData/AirFit-byirbnjrjkaivfbuyqrmiapiyxae/Build/Intermediates.noindex/AirFit.build/Debug-iphonesimulator/AirFitUITests.build/Objects-normal/arm64/AirFitUITests.SwiftFileList -DDEBUG -module-alias Testing\=_Testing_Unavailable -plugin-path /Applications/Xcode.app/Contents/Developer/Toolchains/XcodeDefault.xctoolchain/usr/lib/swift/host/plugins/testing -enable-experimental-feature DebugDescriptionMacro -sdk /Applications/Xcode.app/Contents/Developer/Platforms/iPhoneSimulator.platform/Developer/SDKs/iPhoneSimulator18.5.sdk -target arm64-apple-ios18.0-simulator -g -module-cache-path /Users/Brian/Library/Developer/Xcode/DerivedData/ModuleCache.noindex -Xfrontend -serialize-debugging-options -enable-testing -index-store-path /Users/Brian/Library/Developer/Xcode/DerivedData/AirFit-byirbnjrjkaivfbuyqrmiapiyxae/Index.noindex/DataStore -swift-version 6 -I /Users/Brian/Library/Developer/Xcode/DerivedData/AirFit-byirbnjrjkaivfbuyqrmiapiyxae/Build/Products/Debug-iphonesimulator -I /Applications/Xcode.app/Contents/Developer/Platforms/iPhoneSimulator.platform/Developer/usr/lib -F /Users/Brian/Library/Developer/Xcode/DerivedData/AirFit-byirbnjrjkaivfbuyqrmiapiyxae/Build/Products/Debug-iphonesimulator -F /Applications/Xcode.app/Contents/Developer/Platforms/iPhoneSimulator.platform/Developer/Library/Frameworks -F /Applications/Xcode.app/Contents/Developer/Platforms/iPhoneSimulator.platform/Developer/SDKs/iPhoneSimulator18.5.sdk/Developer/Library/Frameworks -c -j16 -enable-batch-mode -incremental -Xcc -ivfsstatcache -Xcc /Users/Brian/Library/Developer/Xcode/DerivedData/SDKStatCaches.noindex/iphonesimulator18.5-22F76-d5fc8ad4295d2ef488fb7d0f804ce0c4.sdkstatcache -output-file-map /Users/Brian/Library/Developer/Xcode/DerivedData/AirFit-byirbnjrjkaivfbuyqrmiapiyxae/Build/Intermediates.noindex/AirFit.build/Debug-iphonesimulator/AirFitUITests.build/Objects-normal/arm64/AirFitUITests-OutputFileMap.json -use-frontend-parseable-output -save-temps -no-color-diagnostics -serialize-diagnostics -emit-dependencies -emit-module -emit-module-path /Users/Brian/Library/Developer/Xcode/DerivedData/AirFit-byirbnjrjkaivfbuyqrmiapiyxae/Build/Intermediates.noindex/AirFit.build/Debug-iphonesimulator/AirFitUITests.build/Objects-normal/arm64/AirFitUITests.swiftmodule -validate-clang-modules-once -clang-build-session-file /Users/Brian/Library/Developer/Xcode/DerivedData/ModuleCache.noindex/Session.modulevalidation -Xcc -I/Users/Brian/Library/Developer/Xcode/DerivedData/AirFit-byirbnjrjkaivfbuyqrmiapiyxae/Build/Intermediates.noindex/AirFit.build/Debug-iphonesimulator/AirFitUITests.build/swift-overrides.hmap -emit-const-values -Xfrontend -const-gather-protocols-file -Xfrontend /Users/Brian/Library/Developer/Xcode/DerivedData/AirFit-byirbnjrjkaivfbuyqrmiapiyxae/Build/Intermediates.noindex/AirFit.build/Debug-iphonesimulator/AirFitUITests.build/Objects-normal/arm64/AirFitUITests_const_extract_protocols.json -Xcc -iquote -Xcc /Users/Brian/Library/Developer/Xcode/DerivedData/AirFit-byirbnjrjkaivfbuyqrmiapiyxae/Build/Intermediates.noindex/AirFit.build/Debug-iphonesimulator/AirFitUITests.build/AirFitUITests-generated-files.hmap -Xcc -I/Users/Brian/Library/Developer/Xcode/DerivedData/AirFit-byirbnjrjkaivfbuyqrmiapiyxae/Build/Intermediates.noindex/AirFit.build/Debug-iphonesimulator/AirFitUITests.build/AirFitUITests-own-target-headers.hmap -Xcc -I/Users/Brian/Library/Developer/Xcode/DerivedData/AirFit-byirbnjrjkaivfbuyqrmiapiyxae/Build/Intermediates.noindex/AirFit.build/Debug-iphonesimulator/AirFitUITests.build/AirFitUITests-all-non-framework-target-headers.hmap -Xcc -ivfsoverlay -Xcc /Users/Brian/Library/Developer/Xcode/DerivedData/AirFit-byirbnjrjkaivfbuyqrmiapiyxae/Build/Intermediates.noindex/AirFit.build/Debug-iphonesimulator/AirFit-ebd97daffa3a1e236f047a59eef70a3a-VFS-iphonesimulator/all-product-headers.yaml -Xcc -iquote -Xcc /Users/Brian/Library/Developer/Xcode/DerivedData/AirFit-byirbnjrjkaivfbuyqrmiapiyxae/Build/Intermediates.noindex/AirFit.build/Debug-iphonesimulator/AirFitUITests.build/AirFitUITests-project-headers.hmap -Xcc -I/Users/Brian/Library/Developer/Xcode/DerivedData/AirFit-byirbnjrjkaivfbuyqrmiapiyxae/Build/Products/Debug-iphonesimulator/include -Xcc -I/Users/Brian/Library/Developer/Xcode/DerivedData/AirFit-byirbnjrjkaivfbuyqrmiapiyxae/Build/Intermediates.noindex/AirFit.build/Debug-iphonesimulator/AirFitUITests.build/DerivedSources-normal/arm64 -Xcc -I/Users/Brian/Library/Developer/Xcode/DerivedData/AirFit-byirbnjrjkaivfbuyqrmiapiyxae/Build/Intermediates.noindex/AirFit.build/Debug-iphonesimulator/AirFitUITests.build/DerivedSources/arm64 -Xcc -I/Users/Brian/Library/Developer/Xcode/DerivedData/AirFit-byirbnjrjkaivfbuyqrmiapiyxae/Build/Intermediates.noindex/AirFit.build/Debug-iphonesimulator/AirFitUITests.build/DerivedSources -Xcc -DDEBUG\=1 -emit-objc-header -emit-objc-header-path /Users/Brian/Library/Developer/Xcode/DerivedData/AirFit-byirbnjrjkaivfbuyqrmiapiyxae/Build/Intermediates.noindex/AirFit.build/Debug-iphonesimulator/AirFitUITests.build/Objects-normal/arm64/AirFitUITests-Swift.h -working-directory /Users/Brian/Coding\ Projects/AirFit -experimental-emit-module-separately -disable-cmo

SwiftDriverJobDiscovery normal arm64 Compiling AppLogger.swift (in target 'AirFitWatchApp' from project 'AirFit')

SwiftCompile normal arm64 Compiling\ MockAIPerformanceAnalytics.swift,\ MockAIService.swift,\ MockAIWorkoutService.swift,\ MockAPIKeyManager.swift,\ MockAVAudioRecorder.swift,\ MockAVAudioSession.swift,\ MockAnalyticsService.swift /Users/Brian/Coding\ Projects/AirFit/AirFit/AirFitTests/Mocks/MockAIPerformanceAnalytics.swift /Users/Brian/Coding\ Projects/AirFit/AirFit/AirFitTests/Mocks/MockAIService.swift /Users/Brian/Coding\ Projects/AirFit/AirFit/AirFitTests/Mocks/MockAIWorkoutService.swift /Users/Brian/Coding\ Projects/AirFit/AirFit/AirFitTests/Mocks/MockAPIKeyManager.swift /Users/Brian/Coding\ Projects/AirFit/AirFit/AirFitTests/Mocks/MockAVAudioRecorder.swift /Users/Brian/Coding\ Projects/AirFit/AirFit/AirFitTests/Mocks/MockAVAudioSession.swift /Users/Brian/Coding\ Projects/AirFit/AirFit/AirFitTests/Mocks/MockAnalyticsService.swift (in target 'AirFitTests' from project 'AirFit')

SwiftCompile normal arm64 /Users/Brian/Coding\ Projects/AirFit/AirFit/AirFitTests/Mocks/MockAIPerformanceAnalytics.swift (in target 'AirFitTests' from project 'AirFit')
    cd /Users/Brian/Coding\ Projects/AirFit
    

SwiftCompile normal arm64 /Users/Brian/Coding\ Projects/AirFit/AirFit/AirFitTests/Mocks/MockAIService.swift (in target 'AirFitTests' from project 'AirFit')
    cd /Users/Brian/Coding\ Projects/AirFit
    

SwiftCompile normal arm64 /Users/Brian/Coding\ Projects/AirFit/AirFit/AirFitTests/Mocks/MockAIWorkoutService.swift (in target 'AirFitTests' from project 'AirFit')
    cd /Users/Brian/Coding\ Projects/AirFit
    

SwiftCompile normal arm64 /Users/Brian/Coding\ Projects/AirFit/AirFit/AirFitTests/Mocks/MockAPIKeyManager.swift (in target 'AirFitTests' from project 'AirFit')
    cd /Users/Brian/Coding\ Projects/AirFit
    

SwiftCompile normal arm64 /Users/Brian/Coding\ Projects/AirFit/AirFit/AirFitTests/Mocks/MockAVAudioRecorder.swift (in target 'AirFitTests' from project 'AirFit')
    cd /Users/Brian/Coding\ Projects/AirFit
    

SwiftCompile normal arm64 /Users/Brian/Coding\ Projects/AirFit/AirFit/AirFitTests/Mocks/MockAVAudioSession.swift (in target 'AirFitTests' from project 'AirFit')
    cd /Users/Brian/Coding\ Projects/AirFit
    

SwiftCompile normal arm64 /Users/Brian/Coding\ Projects/AirFit/AirFit/AirFitTests/Mocks/MockAnalyticsService.swift (in target 'AirFitTests' from project 'AirFit')
    cd /Users/Brian/Coding\ Projects/AirFit
    

SwiftDriverJobDiscovery normal x86_64 Compiling WorkoutBuilderData.swift (in target 'AirFitWatchApp' from project 'AirFit')

SwiftCompile normal arm64 Compiling\ MockNetworkClient.swift,\ MockNetworkManager.swift,\ MockNotificationManager.swift,\ MockNutritionService.swift,\ MockOnboardingService.swift,\ MockProtocol.swift,\ MockService.swift /Users/Brian/Coding\ Projects/AirFit/AirFit/AirFitTests/Mocks/MockNetworkClient.swift /Users/Brian/Coding\ Projects/AirFit/AirFit/AirFitTests/Mocks/MockNetworkManager.swift /Users/Brian/Coding\ Projects/AirFit/AirFit/AirFitTests/Mocks/MockNotificationManager.swift /Users/Brian/Coding\ Projects/AirFit/AirFit/AirFitTests/Mocks/MockNutritionService.swift /Users/Brian/Coding\ Projects/AirFit/AirFit/AirFitTests/Mocks/MockOnboardingService.swift /Users/Brian/Coding\ Projects/AirFit/AirFit/AirFitTests/Mocks/Base/MockProtocol.swift /Users/Brian/Coding\ Projects/AirFit/AirFit/AirFitTests/Mocks/MockService.swift (in target 'AirFitTests' from project 'AirFit')

SwiftCompile normal arm64 Compiling\ FoodTrackingViewModelAIIntegrationTests.swift,\ FoodTrackingViewModelTests.swift,\ FoodVoiceAdapterTests.swift,\ FormattersTests.swift,\ FunctionCallDispatcherTests.swift,\ GeminiProviderTests.swift,\ HealthKitManagerTests.swift /Users/Brian/Coding\ Projects/AirFit/AirFit/AirFitTests/Modules/FoodTracking/FoodTrackingViewModelAIIntegrationTests.swift /Users/Brian/Coding\ Projects/AirFit/AirFit/AirFitTests/Modules/FoodTracking/FoodTrackingViewModelTests.swift /Users/Brian/Coding\ Projects/AirFit/AirFit/AirFitTests/FoodTracking/FoodVoiceAdapterTests.swift /Users/Brian/Coding\ Projects/AirFit/AirFit/AirFitTests/Core/FormattersTests.swift /Users/Brian/Coding\ Projects/AirFit/AirFit/AirFitTests/Modules/AI/FunctionCallDispatcherTests.swift /Users/Brian/Coding\ Projects/AirFit/AirFit/AirFitTests/Services/GeminiProviderTests.swift /Users/Brian/Coding\ Projects/AirFit/AirFit/AirFitTests/Services/Health/HealthKitManagerTests.swift (in target 'AirFitTests' from project 'AirFit')
Command SwiftCompile failed with a nonzero exit code


Test session results, code coverage, and logs:
	/Users/Brian/Library/Developer/Xcode/DerivedData/AirFit-byirbnjrjkaivfbuyqrmiapiyxae/Logs/Test/Test-AirFit-2025.06.05_15-54-33--0700.xcresult

Testing failed:
	'MockFoodVoiceAdapter' is ambiguous for type lookup in this context
	Invalid redeclaration of 'MockFoodVoiceAdapter'
	'MockFoodVoiceAdapter' is ambiguous for type lookup in this context
	Type 'MockFoodVoiceAdapter' does not conform to protocol 'FoodVoiceAdapterProtocol'
	Invalid redeclaration of 'MockFoodVoiceAdapter'
	'MockFoodVoiceAdapter' is ambiguous for type lookup in this context
	Type 'MockFoodVoiceAdapter' does not conform to protocol 'FoodVoiceAdapterProtocol'
	Invalid redeclaration of 'MockError'
	Command SwiftCompile failed with a nonzero exit code
	Testing cancelled because the build failed.

** TEST FAILED **


The following build commands failed:
	SwiftEmitModule normal arm64 Emitting\ module\ for\ AirFitTests (in target 'AirFitTests' from project 'AirFit')
	EmitSwiftModule normal arm64 (in target 'AirFitTests' from project 'AirFit')
	SwiftCompile normal arm64 Compiling\ FoodTrackingViewModelAIIntegrationTests.swift,\ FoodTrackingViewModelTests.swift,\ FoodVoiceAdapterTests.swift,\ FormattersTests.swift,\ FunctionCallDispatcherTests.swift,\ GeminiProviderTests.swift,\ HealthKitManagerTests.swift /Users/Brian/Coding\ Projects/AirFit/AirFit/AirFitTests/Modules/FoodTracking/FoodTrackingViewModelAIIntegrationTests.swift /Users/Brian/Coding\ Projects/AirFit/AirFit/AirFitTests/Modules/FoodTracking/FoodTrackingViewModelTests.swift /Users/Brian/Coding\ Projects/AirFit/AirFit/AirFitTests/FoodTracking/FoodVoiceAdapterTests.swift /Users/Brian/Coding\ Projects/AirFit/AirFit/AirFitTests/Core/FormattersTests.swift /Users/Brian/Coding\ Projects/AirFit/AirFit/AirFitTests/Modules/AI/FunctionCallDispatcherTests.swift /Users/Brian/Coding\ Projects/AirFit/AirFit/AirFitTests/Services/GeminiProviderTests.swift /Users/Brian/Coding\ Projects/AirFit/AirFit/AirFitTests/Services/Health/HealthKitManagerTests.swift (in target 'AirFitTests' from project 'AirFit')
	Testing project AirFit with scheme AirFit
(4 failures)
